{"/home/felipe/Documentos/ProyectosGAS/src/core/store/app.js": {"path":"/home/felipe/Documentos/ProyectosGAS/src/core/store/app.js","statementMap":{"0":{"start":{"line":5,"column":26},"end":{"line":84,"column":null}},"1":{"start":{"line":6,"column":30},"end":{"line":6,"column":null}},"2":{"start":{"line":7,"column":28},"end":{"line":7,"column":null}},"3":{"start":{"line":10,"column":26},"end":{"line":10,"column":null}},"4":{"start":{"line":11,"column":15},"end":{"line":11,"column":null}},"5":{"start":{"line":14,"column":1},"end":{"line":16,"column":null}},"6":{"start":{"line":15,"column":4},"end":{"line":15,"column":null}},"7":{"start":{"line":18,"column":1},"end":{"line":20,"column":null}},"8":{"start":{"line":19,"column":4},"end":{"line":19,"column":null}},"9":{"start":{"line":23,"column":4},"end":{"line":23,"column":null}},"10":{"start":{"line":27,"column":4},"end":{"line":27,"column":null}},"11":{"start":{"line":33,"column":28},"end":{"line":37,"column":null}},"12":{"start":{"line":38,"column":4},"end":{"line":38,"column":null}},"13":{"start":{"line":38,"column":15},"end":{"line":38,"column":null}},"14":{"start":{"line":39,"column":4},"end":{"line":39,"column":null}},"15":{"start":{"line":43,"column":16},"end":{"line":43,"column":null}},"16":{"start":{"line":44,"column":4},"end":{"line":44,"column":null}},"17":{"start":{"line":44,"column":19},"end":{"line":44,"column":null}},"18":{"start":{"line":45,"column":21},"end":{"line":45,"column":null}},"19":{"start":{"line":46,"column":4},"end":{"line":46,"column":null}},"20":{"start":{"line":50,"column":22},"end":{"line":50,"column":null}},"21":{"start":{"line":51,"column":4},"end":{"line":51,"column":null}},"22":{"start":{"line":51,"column":15},"end":{"line":51,"column":null}},"23":{"start":{"line":55,"column":22},"end":{"line":55,"column":null}},"24":{"start":{"line":56,"column":4},"end":{"line":56,"column":null}},"25":{"start":{"line":56,"column":15},"end":{"line":56,"column":null}},"26":{"start":{"line":60,"column":22},"end":{"line":63,"column":null}},"27":{"start":{"line":64,"column":4},"end":{"line":64,"column":null}},"28":{"start":{"line":64,"column":15},"end":{"line":64,"column":null}},"29":{"start":{"line":68,"column":22},"end":{"line":68,"column":null}},"30":{"start":{"line":69,"column":4},"end":{"line":69,"column":null}},"31":{"start":{"line":69,"column":15},"end":{"line":69,"column":null}},"32":{"start":{"line":72,"column":2},"end":{"line":83,"column":null}}},"fnMap":{"0":{"name":"(anonymous_0)","decl":{"start":{"line":5,"column":46},"end":{"line":5,"column":47}},"loc":{"start":{"line":5,"column":52},"end":{"line":84,"column":1}},"line":5},"1":{"name":"(anonymous_1)","decl":{"start":{"line":14,"column":26},"end":{"line":14,"column":27}},"loc":{"start":{"line":14,"column":35},"end":{"line":16,"column":3}},"line":14},"2":{"name":"(anonymous_2)","decl":{"start":{"line":18,"column":15},"end":{"line":18,"column":16}},"loc":{"start":{"line":18,"column":24},"end":{"line":20,"column":3}},"line":18},"3":{"name":"toggleSidebar","decl":{"start":{"line":22,"column":11},"end":{"line":22,"column":24}},"loc":{"start":{"line":22,"column":27},"end":{"line":24,"column":null}},"line":22},"4":{"name":"setTheme","decl":{"start":{"line":26,"column":11},"end":{"line":26,"column":19}},"loc":{"start":{"line":26,"column":30},"end":{"line":28,"column":null}},"line":26},"5":{"name":"cargarApps","decl":{"start":{"line":32,"column":17},"end":{"line":32,"column":27}},"loc":{"start":{"line":32,"column":30},"end":{"line":40,"column":null}},"line":32},"6":{"name":"slugExiste","decl":{"start":{"line":42,"column":17},"end":{"line":42,"column":27}},"loc":{"start":{"line":42,"column":45},"end":{"line":47,"column":null}},"line":42},"7":{"name":"crearApp","decl":{"start":{"line":49,"column":17},"end":{"line":49,"column":25}},"loc":{"start":{"line":49,"column":35},"end":{"line":52,"column":null}},"line":49},"8":{"name":"actualizarApp","decl":{"start":{"line":54,"column":17},"end":{"line":54,"column":30}},"loc":{"start":{"line":54,"column":44},"end":{"line":57,"column":null}},"line":54},"9":{"name":"toggleActiva","decl":{"start":{"line":59,"column":17},"end":{"line":59,"column":29}},"loc":{"start":{"line":59,"column":47},"end":{"line":65,"column":null}},"line":59},"10":{"name":"eliminarApp","decl":{"start":{"line":67,"column":17},"end":{"line":67,"column":28}},"loc":{"start":{"line":67,"column":33},"end":{"line":70,"column":null}},"line":67}},"branchMap":{"0":{"loc":{"start":{"line":11,"column":20},"end":{"line":11,"column":70}},"type":"binary-expr","locations":[{"start":{"line":11,"column":20},"end":{"line":11,"column":59}},{"start":{"line":11,"column":63},"end":{"line":11,"column":70}}],"line":11},"1":{"loc":{"start":{"line":38,"column":4},"end":{"line":38,"column":null}},"type":"if","locations":[{"start":{"line":38,"column":4},"end":{"line":38,"column":null}},{"start":{},"end":{}}],"line":38},"2":{"loc":{"start":{"line":39,"column":11},"end":{"line":39,"column":null}},"type":"binary-expr","locations":[{"start":{"line":39,"column":11},"end":{"line":39,"column":15}},{"start":{"line":39,"column":19},"end":{"line":39,"column":null}}],"line":39},"3":{"loc":{"start":{"line":44,"column":4},"end":{"line":44,"column":null}},"type":"if","locations":[{"start":{"line":44,"column":4},"end":{"line":44,"column":null}},{"start":{},"end":{}}],"line":44},"4":{"loc":{"start":{"line":51,"column":4},"end":{"line":51,"column":null}},"type":"if","locations":[{"start":{"line":51,"column":4},"end":{"line":51,"column":null}},{"start":{},"end":{}}],"line":51},"5":{"loc":{"start":{"line":56,"column":4},"end":{"line":56,"column":null}},"type":"if","locations":[{"start":{"line":56,"column":4},"end":{"line":56,"column":null}},{"start":{},"end":{}}],"line":56},"6":{"loc":{"start":{"line":64,"column":4},"end":{"line":64,"column":null}},"type":"if","locations":[{"start":{"line":64,"column":4},"end":{"line":64,"column":null}},{"start":{},"end":{}}],"line":64},"7":{"loc":{"start":{"line":69,"column":4},"end":{"line":69,"column":null}},"type":"if","locations":[{"start":{"line":69,"column":4},"end":{"line":69,"column":null}},{"start":{},"end":{}}],"line":69}},"s":{"0":1,"1":13,"2":13,"3":13,"4":13,"5":13,"6":2,"7":13,"8":2,"9":4,"10":2,"11":1,"12":1,"13":0,"14":1,"15":2,"16":2,"17":0,"18":2,"19":2,"20":1,"21":1,"22":0,"23":1,"24":1,"25":0,"26":1,"27":1,"28":0,"29":1,"30":1,"31":0,"32":13},"f":{"0":13,"1":2,"2":2,"3":4,"4":2,"5":1,"6":2,"7":1,"8":1,"9":1,"10":1},"b":{"0":[13,13],"1":[0,1],"2":[1,0],"3":[0,2],"4":[0,1],"5":[0,1],"6":[0,1],"7":[0,1]},"meta":{"lastBranch":8,"lastFunction":11,"lastStatement":33,"seen":{"s:5:26:84:Infinity":0,"f:5:46:5:47":0,"s:6:30:6:Infinity":1,"s:7:28:7:Infinity":2,"s:10:26:10:Infinity":3,"s:11:15:11:Infinity":4,"b:11:20:11:59:11:63:11:70":0,"s:14:1:16:Infinity":5,"f:14:26:14:27":1,"s:15:4:15:Infinity":6,"s:18:1:20:Infinity":7,"f:18:15:18:16":2,"s:19:4:19:Infinity":8,"f:22:11:22:24":3,"s:23:4:23:Infinity":9,"f:26:11:26:19":4,"s:27:4:27:Infinity":10,"f:32:17:32:27":5,"s:33:28:37:Infinity":11,"b:38:4:38:Infinity:undefined:undefined:undefined:undefined":1,"s:38:4:38:Infinity":12,"s:38:15:38:Infinity":13,"s:39:4:39:Infinity":14,"b:39:11:39:15:39:19:39:Infinity":2,"f:42:17:42:27":6,"s:43:16:43:Infinity":15,"b:44:4:44:Infinity:undefined:undefined:undefined:undefined":3,"s:44:4:44:Infinity":16,"s:44:19:44:Infinity":17,"s:45:21:45:Infinity":18,"s:46:4:46:Infinity":19,"f:49:17:49:25":7,"s:50:22:50:Infinity":20,"b:51:4:51:Infinity:undefined:undefined:undefined:undefined":4,"s:51:4:51:Infinity":21,"s:51:15:51:Infinity":22,"f:54:17:54:30":8,"s:55:22:55:Infinity":23,"b:56:4:56:Infinity:undefined:undefined:undefined:undefined":5,"s:56:4:56:Infinity":24,"s:56:15:56:Infinity":25,"f:59:17:59:29":9,"s:60:22:63:Infinity":26,"b:64:4:64:Infinity:undefined:undefined:undefined:undefined":6,"s:64:4:64:Infinity":27,"s:64:15:64:Infinity":28,"f:67:17:67:28":10,"s:68:22:68:Infinity":29,"b:69:4:69:Infinity:undefined:undefined:undefined:undefined":7,"s:69:4:69:Infinity":30,"s:69:15:69:Infinity":31,"s:72:2:83:Infinity":32},"fnNames":{}}}
,"/home/felipe/Documentos/ProyectosGAS/src/core/store/auth.js": {"path":"/home/felipe/Documentos/ProyectosGAS/src/core/store/auth.js","statementMap":{"0":{"start":{"line":6,"column":20},"end":{"line":6,"column":null}},"1":{"start":{"line":8,"column":27},"end":{"line":434,"column":null}},"2":{"start":{"line":9,"column":14},"end":{"line":9,"column":null}},"3":{"start":{"line":10,"column":17},"end":{"line":10,"column":null}},"4":{"start":{"line":11,"column":17},"end":{"line":11,"column":null}},"5":{"start":{"line":12,"column":16},"end":{"line":12,"column":null}},"6":{"start":{"line":13,"column":18},"end":{"line":13,"column":null}},"7":{"start":{"line":14,"column":24},"end":{"line":14,"column":null}},"8":{"start":{"line":15,"column":25},"end":{"line":15,"column":null}},"9":{"start":{"line":16,"column":18},"end":{"line":16,"column":null}},"10":{"start":{"line":17,"column":19},"end":{"line":17,"column":null}},"11":{"start":{"line":19,"column":25},"end":{"line":19,"column":null}},"12":{"start":{"line":19,"column":41},"end":{"line":19,"column":72}},"13":{"start":{"line":20,"column":19},"end":{"line":20,"column":null}},"14":{"start":{"line":20,"column":35},"end":{"line":20,"column":58}},"15":{"start":{"line":21,"column":26},"end":{"line":21,"column":null}},"16":{"start":{"line":21,"column":42},"end":{"line":21,"column":74}},"17":{"start":{"line":23,"column":20},"end":{"line":23,"column":null}},"18":{"start":{"line":23,"column":36},"end":{"line":23,"column":51}},"19":{"start":{"line":24,"column":17},"end":{"line":24,"column":null}},"20":{"start":{"line":24,"column":33},"end":{"line":24,"column":64}},"21":{"start":{"line":25,"column":23},"end":{"line":28,"column":null}},"22":{"start":{"line":26,"column":4},"end":{"line":27,"column":null}},"23":{"start":{"line":27,"column":17},"end":{"line":27,"column":32}},"24":{"start":{"line":31,"column":4},"end":{"line":31,"column":null}},"25":{"start":{"line":35,"column":4},"end":{"line":38,"column":null}},"26":{"start":{"line":36,"column":6},"end":{"line":36,"column":null}},"27":{"start":{"line":37,"column":6},"end":{"line":37,"column":null}},"28":{"start":{"line":39,"column":4},"end":{"line":49,"column":null}},"29":{"start":{"line":40,"column":23},"end":{"line":44,"column":null}},"30":{"start":{"line":45,"column":6},"end":{"line":45,"column":null}},"31":{"start":{"line":45,"column":45},"end":{"line":45,"column":58}},"32":{"start":{"line":47,"column":6},"end":{"line":47,"column":null}},"33":{"start":{"line":48,"column":6},"end":{"line":48,"column":null}},"34":{"start":{"line":53,"column":4},"end":{"line":56,"column":null}},"35":{"start":{"line":54,"column":6},"end":{"line":54,"column":null}},"36":{"start":{"line":55,"column":6},"end":{"line":55,"column":null}},"37":{"start":{"line":57,"column":4},"end":{"line":71,"column":null}},"38":{"start":{"line":58,"column":20},"end":{"line":58,"column":null}},"39":{"start":{"line":59,"column":6},"end":{"line":59,"column":null}},"40":{"start":{"line":59,"column":18},"end":{"line":59,"column":null}},"41":{"start":{"line":60,"column":23},"end":{"line":66,"column":null}},"42":{"start":{"line":67,"column":6},"end":{"line":67,"column":null}},"43":{"start":{"line":69,"column":6},"end":{"line":69,"column":null}},"44":{"start":{"line":70,"column":6},"end":{"line":70,"column":null}},"45":{"start":{"line":75,"column":4},"end":{"line":75,"column":null}},"46":{"start":{"line":75,"column":21},"end":{"line":75,"column":null}},"47":{"start":{"line":76,"column":4},"end":{"line":100,"column":null}},"48":{"start":{"line":77,"column":23},"end":{"line":81,"column":null}},"49":{"start":{"line":82,"column":6},"end":{"line":82,"column":null}},"50":{"start":{"line":83,"column":6},"end":{"line":83,"column":null}},"51":{"start":{"line":83,"column":46},"end":{"line":83,"column":56}},"52":{"start":{"line":86,"column":22},"end":{"line":86,"column":null}},"53":{"start":{"line":87,"column":6},"end":{"line":91,"column":null}},"54":{"start":{"line":87,"column":46},"end":{"line":87,"column":70}},"55":{"start":{"line":88,"column":8},"end":{"line":88,"column":null}},"56":{"start":{"line":88,"column":56},"end":{"line":88,"column":80}},"57":{"start":{"line":89,"column":13},"end":{"line":91,"column":null}},"58":{"start":{"line":90,"column":8},"end":{"line":90,"column":null}},"59":{"start":{"line":94,"column":6},"end":{"line":97,"column":null}},"60":{"start":{"line":95,"column":8},"end":{"line":95,"column":null}},"61":{"start":{"line":96,"column":8},"end":{"line":96,"column":null}},"62":{"start":{"line":99,"column":6},"end":{"line":99,"column":null}},"63":{"start":{"line":104,"column":4},"end":{"line":104,"column":null}},"64":{"start":{"line":104,"column":21},"end":{"line":104,"column":null}},"65":{"start":{"line":105,"column":4},"end":{"line":119,"column":null}},"66":{"start":{"line":106,"column":23},"end":{"line":110,"column":null}},"67":{"start":{"line":111,"column":6},"end":{"line":111,"column":null}},"68":{"start":{"line":114,"column":6},"end":{"line":116,"column":null}},"69":{"start":{"line":115,"column":8},"end":{"line":115,"column":null}},"70":{"start":{"line":118,"column":6},"end":{"line":118,"column":null}},"71":{"start":{"line":123,"column":4},"end":{"line":123,"column":null}},"72":{"start":{"line":124,"column":4},"end":{"line":132,"column":null}},"73":{"start":{"line":125,"column":6},"end":{"line":125,"column":null}},"74":{"start":{"line":126,"column":6},"end":{"line":126,"column":null}},"75":{"start":{"line":127,"column":6},"end":{"line":127,"column":null}},"76":{"start":{"line":129,"column":6},"end":{"line":129,"column":null}},"77":{"start":{"line":130,"column":6},"end":{"line":130,"column":null}},"78":{"start":{"line":131,"column":6},"end":{"line":131,"column":null}},"79":{"start":{"line":136,"column":4},"end":{"line":136,"column":null}},"80":{"start":{"line":137,"column":4},"end":{"line":198,"column":null}},"81":{"start":{"line":139,"column":6},"end":{"line":165,"column":null}},"82":{"start":{"line":145,"column":8},"end":{"line":145,"column":null}},"83":{"start":{"line":145,"column":41},"end":{"line":145,"column":null}},"84":{"start":{"line":147,"column":8},"end":{"line":147,"column":null}},"85":{"start":{"line":148,"column":8},"end":{"line":148,"column":null}},"86":{"start":{"line":150,"column":8},"end":{"line":154,"column":null}},"87":{"start":{"line":151,"column":10},"end":{"line":151,"column":null}},"88":{"start":{"line":152,"column":15},"end":{"line":154,"column":null}},"89":{"start":{"line":153,"column":10},"end":{"line":153,"column":null}},"90":{"start":{"line":156,"column":8},"end":{"line":164,"column":null}},"91":{"start":{"line":157,"column":10},"end":{"line":157,"column":null}},"92":{"start":{"line":159,"column":10},"end":{"line":159,"column":null}},"93":{"start":{"line":160,"column":10},"end":{"line":160,"column":null}},"94":{"start":{"line":161,"column":10},"end":{"line":161,"column":null}},"95":{"start":{"line":162,"column":10},"end":{"line":162,"column":null}},"96":{"start":{"line":163,"column":10},"end":{"line":163,"column":null}},"97":{"start":{"line":169,"column":20},"end":{"line":169,"column":null}},"98":{"start":{"line":170,"column":6},"end":{"line":192,"column":null}},"99":{"start":{"line":171,"column":8},"end":{"line":191,"column":null}},"100":{"start":{"line":172,"column":25},"end":{"line":172,"column":null}},"101":{"start":{"line":173,"column":10},"end":{"line":188,"column":null}},"102":{"start":{"line":174,"column":36},"end":{"line":177,"column":null}},"103":{"start":{"line":176,"column":41},"end":{"line":176,"column":104}},"104":{"start":{"line":176,"column":58},"end":{"line":176,"column":97}},"105":{"start":{"line":178,"column":12},"end":{"line":187,"column":null}},"106":{"start":{"line":179,"column":14},"end":{"line":179,"column":null}},"107":{"start":{"line":180,"column":14},"end":{"line":180,"column":null}},"108":{"start":{"line":181,"column":14},"end":{"line":181,"column":null}},"109":{"start":{"line":184,"column":14},"end":{"line":184,"column":null}},"110":{"start":{"line":186,"column":14},"end":{"line":186,"column":null}},"111":{"start":{"line":190,"column":10},"end":{"line":190,"column":null}},"112":{"start":{"line":195,"column":6},"end":{"line":195,"column":null}},"113":{"start":{"line":197,"column":6},"end":{"line":197,"column":null}},"114":{"start":{"line":202,"column":19},"end":{"line":205,"column":null}},"115":{"start":{"line":204,"column":33},"end":{"line":204,"column":131}},"116":{"start":{"line":204,"column":50},"end":{"line":204,"column":123}},"117":{"start":{"line":206,"column":4},"end":{"line":206,"column":null}},"118":{"start":{"line":206,"column":22},"end":{"line":206,"column":null}},"119":{"start":{"line":207,"column":4},"end":{"line":207,"column":null}},"120":{"start":{"line":208,"column":4},"end":{"line":208,"column":null}},"121":{"start":{"line":212,"column":19},"end":{"line":215,"column":null}},"122":{"start":{"line":214,"column":33},"end":{"line":214,"column":131}},"123":{"start":{"line":214,"column":50},"end":{"line":214,"column":123}},"124":{"start":{"line":216,"column":4},"end":{"line":216,"column":null}},"125":{"start":{"line":216,"column":22},"end":{"line":216,"column":null}},"126":{"start":{"line":217,"column":4},"end":{"line":219,"column":null}},"127":{"start":{"line":218,"column":6},"end":{"line":218,"column":null}},"128":{"start":{"line":220,"column":4},"end":{"line":220,"column":null}},"129":{"start":{"line":224,"column":4},"end":{"line":224,"column":null}},"130":{"start":{"line":225,"column":19},"end":{"line":228,"column":null}},"131":{"start":{"line":227,"column":33},"end":{"line":227,"column":131}},"132":{"start":{"line":227,"column":50},"end":{"line":227,"column":123}},"133":{"start":{"line":229,"column":4},"end":{"line":229,"column":null}},"134":{"start":{"line":229,"column":23},"end":{"line":229,"column":null}},"135":{"start":{"line":233,"column":4},"end":{"line":233,"column":null}},"136":{"start":{"line":233,"column":33},"end":{"line":233,"column":null}},"137":{"start":{"line":234,"column":4},"end":{"line":242,"column":null}},"138":{"start":{"line":235,"column":23},"end":{"line":238,"column":null}},"139":{"start":{"line":239,"column":6},"end":{"line":239,"column":null}},"140":{"start":{"line":241,"column":6},"end":{"line":241,"column":null}},"141":{"start":{"line":246,"column":4},"end":{"line":246,"column":null}},"142":{"start":{"line":246,"column":48},"end":{"line":246,"column":null}},"143":{"start":{"line":247,"column":4},"end":{"line":269,"column":null}},"144":{"start":{"line":248,"column":29},"end":{"line":252,"column":null}},"145":{"start":{"line":255,"column":30},"end":{"line":259,"column":null}},"146":{"start":{"line":261,"column":27},"end":{"line":261,"column":null}},"147":{"start":{"line":261,"column":51},"end":{"line":261,"column":67}},"148":{"start":{"line":262,"column":6},"end":{"line":265,"column":null}},"149":{"start":{"line":262,"column":38},"end":{"line":265,"column":7}},"150":{"start":{"line":267,"column":6},"end":{"line":267,"column":null}},"151":{"start":{"line":268,"column":6},"end":{"line":268,"column":null}},"152":{"start":{"line":273,"column":4},"end":{"line":273,"column":null}},"153":{"start":{"line":273,"column":21},"end":{"line":273,"column":null}},"154":{"start":{"line":274,"column":4},"end":{"line":322,"column":null}},"155":{"start":{"line":276,"column":18},"end":{"line":282,"column":null}},"156":{"start":{"line":284,"column":6},"end":{"line":286,"column":null}},"157":{"start":{"line":285,"column":8},"end":{"line":285,"column":null}},"158":{"start":{"line":288,"column":36},"end":{"line":288,"column":null}},"159":{"start":{"line":289,"column":6},"end":{"line":289,"column":null}},"160":{"start":{"line":289,"column":32},"end":{"line":289,"column":null}},"161":{"start":{"line":291,"column":25},"end":{"line":291,"column":null}},"162":{"start":{"line":291,"column":58},"end":{"line":291,"column":70}},"163":{"start":{"line":292,"column":22},"end":{"line":292,"column":null}},"164":{"start":{"line":292,"column":55},"end":{"line":292,"column":67}},"165":{"start":{"line":295,"column":20},"end":{"line":295,"column":null}},"166":{"start":{"line":296,"column":34},"end":{"line":301,"column":null}},"167":{"start":{"line":304,"column":31},"end":{"line":305,"column":null}},"168":{"start":{"line":306,"column":23},"end":{"line":306,"column":null}},"169":{"start":{"line":306,"column":48},"end":{"line":306,"column":71}},"170":{"start":{"line":309,"column":23},"end":{"line":309,"column":null}},"171":{"start":{"line":310,"column":6},"end":{"line":312,"column":null}},"172":{"start":{"line":311,"column":8},"end":{"line":311,"column":null}},"173":{"start":{"line":314,"column":6},"end":{"line":318,"column":null}},"174":{"start":{"line":314,"column":35},"end":{"line":318,"column":7}},"175":{"start":{"line":320,"column":6},"end":{"line":320,"column":null}},"176":{"start":{"line":321,"column":6},"end":{"line":321,"column":null}},"177":{"start":{"line":326,"column":22},"end":{"line":326,"column":null}},"178":{"start":{"line":328,"column":4},"end":{"line":328,"column":null}},"179":{"start":{"line":328,"column":31},"end":{"line":328,"column":null}},"180":{"start":{"line":329,"column":21},"end":{"line":333,"column":null}},"181":{"start":{"line":334,"column":4},"end":{"line":334,"column":null}},"182":{"start":{"line":334,"column":18},"end":{"line":334,"column":null}},"183":{"start":{"line":335,"column":4},"end":{"line":335,"column":null}},"184":{"start":{"line":339,"column":4},"end":{"line":339,"column":null}},"185":{"start":{"line":339,"column":21},"end":{"line":339,"column":null}},"186":{"start":{"line":340,"column":4},"end":{"line":347,"column":null}},"187":{"start":{"line":341,"column":6},"end":{"line":344,"column":null}},"188":{"start":{"line":346,"column":6},"end":{"line":346,"column":null}},"189":{"start":{"line":353,"column":4},"end":{"line":353,"column":null}},"190":{"start":{"line":353,"column":16},"end":{"line":353,"column":null}},"191":{"start":{"line":354,"column":28},"end":{"line":358,"column":null}},"192":{"start":{"line":359,"column":4},"end":{"line":359,"column":null}},"193":{"start":{"line":359,"column":15},"end":{"line":359,"column":null}},"194":{"start":{"line":360,"column":4},"end":{"line":360,"column":null}},"195":{"start":{"line":364,"column":22},"end":{"line":369,"column":null}},"196":{"start":{"line":370,"column":4},"end":{"line":370,"column":null}},"197":{"start":{"line":370,"column":15},"end":{"line":370,"column":null}},"198":{"start":{"line":374,"column":22},"end":{"line":378,"column":null}},"199":{"start":{"line":379,"column":4},"end":{"line":379,"column":null}},"200":{"start":{"line":379,"column":15},"end":{"line":379,"column":null}},"201":{"start":{"line":383,"column":4},"end":{"line":390,"column":null}},"202":{"start":{"line":384,"column":6},"end":{"line":389,"column":null}},"203":{"start":{"line":391,"column":22},"end":{"line":395,"column":null}},"204":{"start":{"line":396,"column":4},"end":{"line":396,"column":null}},"205":{"start":{"line":396,"column":15},"end":{"line":396,"column":null}},"206":{"start":{"line":399,"column":2},"end":{"line":433,"column":null}}},"fnMap":{"0":{"name":"(anonymous_0)","decl":{"start":{"line":8,"column":48},"end":{"line":8,"column":49}},"loc":{"start":{"line":8,"column":54},"end":{"line":434,"column":1}},"line":8},"1":{"name":"(anonymous_1)","decl":{"start":{"line":19,"column":35},"end":{"line":19,"column":36}},"loc":{"start":{"line":19,"column":41},"end":{"line":19,"column":72}},"line":19},"2":{"name":"(anonymous_2)","decl":{"start":{"line":20,"column":29},"end":{"line":20,"column":30}},"loc":{"start":{"line":20,"column":35},"end":{"line":20,"column":58}},"line":20},"3":{"name":"(anonymous_3)","decl":{"start":{"line":21,"column":36},"end":{"line":21,"column":37}},"loc":{"start":{"line":21,"column":42},"end":{"line":21,"column":74}},"line":21},"4":{"name":"(anonymous_4)","decl":{"start":{"line":23,"column":30},"end":{"line":23,"column":31}},"loc":{"start":{"line":23,"column":36},"end":{"line":23,"column":51}},"line":23},"5":{"name":"(anonymous_5)","decl":{"start":{"line":24,"column":27},"end":{"line":24,"column":28}},"loc":{"start":{"line":24,"column":33},"end":{"line":24,"column":64}},"line":24},"6":{"name":"(anonymous_6)","decl":{"start":{"line":25,"column":33},"end":{"line":25,"column":34}},"loc":{"start":{"line":26,"column":4},"end":{"line":27,"column":null}},"line":26},"7":{"name":"(anonymous_7)","decl":{"start":{"line":27,"column":12},"end":{"line":27,"column":13}},"loc":{"start":{"line":27,"column":17},"end":{"line":27,"column":32}},"line":27},"8":{"name":"tienePermiso","decl":{"start":{"line":30,"column":11},"end":{"line":30,"column":23}},"loc":{"start":{"line":30,"column":32},"end":{"line":32,"column":null}},"line":30},"9":{"name":"cargarPermisos","decl":{"start":{"line":34,"column":17},"end":{"line":34,"column":31}},"loc":{"start":{"line":34,"column":43},"end":{"line":50,"column":null}},"line":34},"10":{"name":"(anonymous_10)","decl":{"start":{"line":45,"column":40},"end":{"line":45,"column":41}},"loc":{"start":{"line":45,"column":45},"end":{"line":45,"column":58}},"line":45},"11":{"name":"cargarRolActual","decl":{"start":{"line":52,"column":17},"end":{"line":52,"column":32}},"loc":{"start":{"line":52,"column":35},"end":{"line":72,"column":null}},"line":52},"12":{"name":"cargarEmpresas","decl":{"start":{"line":74,"column":17},"end":{"line":74,"column":31}},"loc":{"start":{"line":74,"column":34},"end":{"line":101,"column":null}},"line":74},"13":{"name":"(anonymous_13)","decl":{"start":{"line":83,"column":40},"end":{"line":83,"column":42}},"loc":{"start":{"line":83,"column":46},"end":{"line":83,"column":56}},"line":83},"14":{"name":"(anonymous_14)","decl":{"start":{"line":87,"column":41},"end":{"line":87,"column":42}},"loc":{"start":{"line":87,"column":46},"end":{"line":87,"column":70}},"line":87},"15":{"name":"(anonymous_15)","decl":{"start":{"line":88,"column":51},"end":{"line":88,"column":52}},"loc":{"start":{"line":88,"column":56},"end":{"line":88,"column":80}},"line":88},"16":{"name":"cargarPerfil","decl":{"start":{"line":103,"column":17},"end":{"line":103,"column":29}},"loc":{"start":{"line":103,"column":32},"end":{"line":120,"column":null}},"line":103},"17":{"name":"seleccionarEmpresa","decl":{"start":{"line":122,"column":17},"end":{"line":122,"column":35}},"loc":{"start":{"line":122,"column":45},"end":{"line":133,"column":null}},"line":122},"18":{"name":"initialize","decl":{"start":{"line":135,"column":17},"end":{"line":135,"column":27}},"loc":{"start":{"line":135,"column":30},"end":{"line":199,"column":null}},"line":135},"19":{"name":"(anonymous_19)","decl":{"start":{"line":139,"column":38},"end":{"line":139,"column":43}},"loc":{"start":{"line":139,"column":67},"end":{"line":165,"column":7}},"line":139},"20":{"name":"(anonymous_20)","decl":{"start":{"line":176,"column":26},"end":{"line":176,"column":27}},"loc":{"start":{"line":176,"column":41},"end":{"line":176,"column":104}},"line":176},"21":{"name":"(anonymous_21)","decl":{"start":{"line":176,"column":52},"end":{"line":176,"column":53}},"loc":{"start":{"line":176,"column":58},"end":{"line":176,"column":97}},"line":176},"22":{"name":"login","decl":{"start":{"line":201,"column":17},"end":{"line":201,"column":22}},"loc":{"start":{"line":201,"column":40},"end":{"line":209,"column":null}},"line":201},"23":{"name":"(anonymous_23)","decl":{"start":{"line":204,"column":18},"end":{"line":204,"column":19}},"loc":{"start":{"line":204,"column":33},"end":{"line":204,"column":131}},"line":204},"24":{"name":"(anonymous_24)","decl":{"start":{"line":204,"column":44},"end":{"line":204,"column":45}},"loc":{"start":{"line":204,"column":50},"end":{"line":204,"column":123}},"line":204},"25":{"name":"signup","decl":{"start":{"line":211,"column":17},"end":{"line":211,"column":23}},"loc":{"start":{"line":211,"column":56},"end":{"line":221,"column":null}},"line":211},"26":{"name":"(anonymous_26)","decl":{"start":{"line":214,"column":18},"end":{"line":214,"column":19}},"loc":{"start":{"line":214,"column":33},"end":{"line":214,"column":131}},"line":214},"27":{"name":"(anonymous_27)","decl":{"start":{"line":214,"column":44},"end":{"line":214,"column":45}},"loc":{"start":{"line":214,"column":50},"end":{"line":214,"column":123}},"line":214},"28":{"name":"logout","decl":{"start":{"line":223,"column":17},"end":{"line":223,"column":23}},"loc":{"start":{"line":223,"column":26},"end":{"line":230,"column":null}},"line":223},"29":{"name":"(anonymous_29)","decl":{"start":{"line":227,"column":18},"end":{"line":227,"column":19}},"loc":{"start":{"line":227,"column":33},"end":{"line":227,"column":131}},"line":227},"30":{"name":"(anonymous_30)","decl":{"start":{"line":227,"column":44},"end":{"line":227,"column":45}},"loc":{"start":{"line":227,"column":50},"end":{"line":227,"column":123}},"line":227},"31":{"name":"cargarUsuariosEmpresa","decl":{"start":{"line":232,"column":17},"end":{"line":232,"column":38}},"loc":{"start":{"line":232,"column":41},"end":{"line":243,"column":null}},"line":232},"32":{"name":"cargarAppsDisponibles","decl":{"start":{"line":245,"column":17},"end":{"line":245,"column":38}},"loc":{"start":{"line":245,"column":41},"end":{"line":270,"column":null}},"line":245},"33":{"name":"(anonymous_33)","decl":{"start":{"line":261,"column":46},"end":{"line":261,"column":47}},"loc":{"start":{"line":261,"column":51},"end":{"line":261,"column":67}},"line":261},"34":{"name":"(anonymous_34)","decl":{"start":{"line":262,"column":30},"end":{"line":262,"column":33}},"loc":{"start":{"line":262,"column":38},"end":{"line":265,"column":7}},"line":262},"35":{"name":"cargarUsuariosMultiEmpresa","decl":{"start":{"line":272,"column":17},"end":{"line":272,"column":43}},"loc":{"start":{"line":272,"column":62},"end":{"line":323,"column":null}},"line":272},"36":{"name":"(anonymous_36)","decl":{"start":{"line":291,"column":53},"end":{"line":291,"column":54}},"loc":{"start":{"line":291,"column":58},"end":{"line":291,"column":70}},"line":291},"37":{"name":"(anonymous_37)","decl":{"start":{"line":292,"column":50},"end":{"line":292,"column":51}},"loc":{"start":{"line":292,"column":55},"end":{"line":292,"column":67}},"line":292},"38":{"name":"(anonymous_38)","decl":{"start":{"line":306,"column":43},"end":{"line":306,"column":44}},"loc":{"start":{"line":306,"column":48},"end":{"line":306,"column":71}},"line":306},"39":{"name":"(anonymous_39)","decl":{"start":{"line":314,"column":29},"end":{"line":314,"column":30}},"loc":{"start":{"line":314,"column":35},"end":{"line":318,"column":7}},"line":314},"40":{"name":"getAppId","decl":{"start":{"line":327,"column":17},"end":{"line":327,"column":25}},"loc":{"start":{"line":327,"column":32},"end":{"line":336,"column":null}},"line":327},"41":{"name":"guardarIdioma","decl":{"start":{"line":338,"column":17},"end":{"line":338,"column":30}},"loc":{"start":{"line":338,"column":39},"end":{"line":348,"column":null}},"line":338},"42":{"name":"cargarRolesPorApp","decl":{"start":{"line":352,"column":17},"end":{"line":352,"column":34}},"loc":{"start":{"line":352,"column":42},"end":{"line":361,"column":null}},"line":352},"43":{"name":"cambiarRol","decl":{"start":{"line":363,"column":17},"end":{"line":363,"column":27}},"loc":{"start":{"line":363,"column":65},"end":{"line":371,"column":null}},"line":363},"44":{"name":"toggleActivo","decl":{"start":{"line":373,"column":17},"end":{"line":373,"column":29}},"loc":{"start":{"line":373,"column":60},"end":{"line":380,"column":null}},"line":373},"45":{"name":"removerUsuario","decl":{"start":{"line":382,"column":17},"end":{"line":382,"column":31}},"loc":{"start":{"line":382,"column":61},"end":{"line":397,"column":null}},"line":382}},"branchMap":{"0":{"loc":{"start":{"line":19,"column":41},"end":{"line":19,"column":72}},"type":"binary-expr","locations":[{"start":{"line":19,"column":41},"end":{"line":19,"column":53}},{"start":{"line":19,"column":57},"end":{"line":19,"column":72}}],"line":19},"1":{"loc":{"start":{"line":20,"column":35},"end":{"line":20,"column":58}},"type":"binary-expr","locations":[{"start":{"line":20,"column":35},"end":{"line":20,"column":52}},{"start":{"line":20,"column":56},"end":{"line":20,"column":58}}],"line":20},"2":{"loc":{"start":{"line":21,"column":42},"end":{"line":21,"column":74}},"type":"binary-expr","locations":[{"start":{"line":21,"column":42},"end":{"line":21,"column":66}},{"start":{"line":21,"column":70},"end":{"line":21,"column":74}}],"line":21},"3":{"loc":{"start":{"line":35,"column":4},"end":{"line":38,"column":null}},"type":"if","locations":[{"start":{"line":35,"column":4},"end":{"line":38,"column":null}},{"start":{},"end":{}}],"line":35},"4":{"loc":{"start":{"line":35,"column":8},"end":{"line":35,"column":33}},"type":"binary-expr","locations":[{"start":{"line":35,"column":8},"end":{"line":35,"column":19}},{"start":{"line":35,"column":23},"end":{"line":35,"column":33}}],"line":35},"5":{"loc":{"start":{"line":45,"column":24},"end":{"line":45,"column":34}},"type":"binary-expr","locations":[{"start":{"line":45,"column":24},"end":{"line":45,"column":28}},{"start":{"line":45,"column":32},"end":{"line":45,"column":34}}],"line":45},"6":{"loc":{"start":{"line":53,"column":4},"end":{"line":56,"column":null}},"type":"if","locations":[{"start":{"line":53,"column":4},"end":{"line":56,"column":null}},{"start":{},"end":{}}],"line":53},"7":{"loc":{"start":{"line":53,"column":8},"end":{"line":53,"column":46}},"type":"binary-expr","locations":[{"start":{"line":53,"column":8},"end":{"line":53,"column":19}},{"start":{"line":53,"column":23},"end":{"line":53,"column":46}}],"line":53},"8":{"loc":{"start":{"line":59,"column":6},"end":{"line":59,"column":null}},"type":"if","locations":[{"start":{"line":59,"column":6},"end":{"line":59,"column":null}},{"start":{},"end":{}}],"line":59},"9":{"loc":{"start":{"line":67,"column":24},"end":{"line":67,"column":null}},"type":"binary-expr","locations":[{"start":{"line":67,"column":24},"end":{"line":67,"column":40}},{"start":{"line":67,"column":44},"end":{"line":67,"column":null}}],"line":67},"10":{"loc":{"start":{"line":75,"column":4},"end":{"line":75,"column":null}},"type":"if","locations":[{"start":{"line":75,"column":4},"end":{"line":75,"column":null}},{"start":{},"end":{}}],"line":75},"11":{"loc":{"start":{"line":82,"column":30},"end":{"line":82,"column":null}},"type":"binary-expr","locations":[{"start":{"line":82,"column":30},"end":{"line":82,"column":34}},{"start":{"line":82,"column":38},"end":{"line":82,"column":null}}],"line":82},"12":{"loc":{"start":{"line":83,"column":24},"end":{"line":83,"column":34}},"type":"binary-expr","locations":[{"start":{"line":83,"column":24},"end":{"line":83,"column":28}},{"start":{"line":83,"column":32},"end":{"line":83,"column":34}}],"line":83},"13":{"loc":{"start":{"line":87,"column":6},"end":{"line":91,"column":null}},"type":"if","locations":[{"start":{"line":87,"column":6},"end":{"line":91,"column":null}},{"start":{"line":89,"column":13},"end":{"line":91,"column":null}}],"line":87},"14":{"loc":{"start":{"line":87,"column":10},"end":{"line":87,"column":71}},"type":"binary-expr","locations":[{"start":{"line":87,"column":10},"end":{"line":87,"column":17}},{"start":{"line":87,"column":21},"end":{"line":87,"column":71}}],"line":87},"15":{"loc":{"start":{"line":89,"column":13},"end":{"line":91,"column":null}},"type":"if","locations":[{"start":{"line":89,"column":13},"end":{"line":91,"column":null}},{"start":{},"end":{}}],"line":89},"16":{"loc":{"start":{"line":94,"column":6},"end":{"line":97,"column":null}},"type":"if","locations":[{"start":{"line":94,"column":6},"end":{"line":97,"column":null}},{"start":{},"end":{}}],"line":94},"17":{"loc":{"start":{"line":104,"column":4},"end":{"line":104,"column":null}},"type":"if","locations":[{"start":{"line":104,"column":4},"end":{"line":104,"column":null}},{"start":{},"end":{}}],"line":104},"18":{"loc":{"start":{"line":114,"column":6},"end":{"line":116,"column":null}},"type":"if","locations":[{"start":{"line":114,"column":6},"end":{"line":116,"column":null}},{"start":{},"end":{}}],"line":114},"19":{"loc":{"start":{"line":124,"column":4},"end":{"line":132,"column":null}},"type":"if","locations":[{"start":{"line":124,"column":4},"end":{"line":132,"column":null}},{"start":{"line":128,"column":11},"end":{"line":132,"column":null}}],"line":124},"20":{"loc":{"start":{"line":145,"column":8},"end":{"line":145,"column":null}},"type":"if","locations":[{"start":{"line":145,"column":8},"end":{"line":145,"column":null}},{"start":{},"end":{}}],"line":145},"21":{"loc":{"start":{"line":148,"column":21},"end":{"line":148,"column":null}},"type":"binary-expr","locations":[{"start":{"line":148,"column":21},"end":{"line":148,"column":37}},{"start":{"line":148,"column":41},"end":{"line":148,"column":null}}],"line":148},"22":{"loc":{"start":{"line":150,"column":8},"end":{"line":154,"column":null}},"type":"if","locations":[{"start":{"line":150,"column":8},"end":{"line":154,"column":null}},{"start":{"line":152,"column":15},"end":{"line":154,"column":null}}],"line":150},"23":{"loc":{"start":{"line":150,"column":12},"end":{"line":150,"column":80}},"type":"binary-expr","locations":[{"start":{"line":150,"column":12},"end":{"line":150,"column":22}},{"start":{"line":150,"column":27},"end":{"line":150,"column":48}},{"start":{"line":150,"column":52},"end":{"line":150,"column":79}}],"line":150},"24":{"loc":{"start":{"line":152,"column":15},"end":{"line":154,"column":null}},"type":"if","locations":[{"start":{"line":152,"column":15},"end":{"line":154,"column":null}},{"start":{},"end":{}}],"line":152},"25":{"loc":{"start":{"line":156,"column":8},"end":{"line":164,"column":null}},"type":"if","locations":[{"start":{"line":156,"column":8},"end":{"line":164,"column":null}},{"start":{"line":158,"column":15},"end":{"line":164,"column":null}}],"line":156},"26":{"loc":{"start":{"line":170,"column":6},"end":{"line":192,"column":null}},"type":"if","locations":[{"start":{"line":170,"column":6},"end":{"line":192,"column":null}},{"start":{},"end":{}}],"line":170},"27":{"loc":{"start":{"line":173,"column":10},"end":{"line":188,"column":null}},"type":"if","locations":[{"start":{"line":173,"column":10},"end":{"line":188,"column":null}},{"start":{},"end":{}}],"line":173},"28":{"loc":{"start":{"line":178,"column":12},"end":{"line":187,"column":null}},"type":"if","locations":[{"start":{"line":178,"column":12},"end":{"line":187,"column":null}},{"start":{"line":185,"column":19},"end":{"line":187,"column":null}}],"line":178},"29":{"loc":{"start":{"line":178,"column":16},"end":{"line":178,"column":39}},"type":"binary-expr","locations":[{"start":{"line":178,"column":16},"end":{"line":178,"column":22}},{"start":{"line":178,"column":26},"end":{"line":178,"column":39}}],"line":178},"30":{"loc":{"start":{"line":206,"column":4},"end":{"line":206,"column":null}},"type":"if","locations":[{"start":{"line":206,"column":4},"end":{"line":206,"column":null}},{"start":{},"end":{}}],"line":206},"31":{"loc":{"start":{"line":211,"column":41},"end":{"line":211,"column":54}},"type":"default-arg","locations":[{"start":{"line":211,"column":52},"end":{"line":211,"column":54}}],"line":211},"32":{"loc":{"start":{"line":216,"column":4},"end":{"line":216,"column":null}},"type":"if","locations":[{"start":{"line":216,"column":4},"end":{"line":216,"column":null}},{"start":{},"end":{}}],"line":216},"33":{"loc":{"start":{"line":217,"column":4},"end":{"line":219,"column":null}},"type":"if","locations":[{"start":{"line":217,"column":4},"end":{"line":219,"column":null}},{"start":{},"end":{}}],"line":217},"34":{"loc":{"start":{"line":229,"column":4},"end":{"line":229,"column":null}},"type":"if","locations":[{"start":{"line":229,"column":4},"end":{"line":229,"column":null}},{"start":{},"end":{}}],"line":229},"35":{"loc":{"start":{"line":233,"column":4},"end":{"line":233,"column":null}},"type":"if","locations":[{"start":{"line":233,"column":4},"end":{"line":233,"column":null}},{"start":{},"end":{}}],"line":233},"36":{"loc":{"start":{"line":239,"column":30},"end":{"line":239,"column":null}},"type":"binary-expr","locations":[{"start":{"line":239,"column":30},"end":{"line":239,"column":34}},{"start":{"line":239,"column":38},"end":{"line":239,"column":null}}],"line":239},"37":{"loc":{"start":{"line":246,"column":4},"end":{"line":246,"column":null}},"type":"if","locations":[{"start":{"line":246,"column":4},"end":{"line":246,"column":null}},{"start":{},"end":{}}],"line":246},"38":{"loc":{"start":{"line":246,"column":8},"end":{"line":246,"column":46}},"type":"binary-expr","locations":[{"start":{"line":246,"column":8},"end":{"line":246,"column":31}},{"start":{"line":246,"column":35},"end":{"line":246,"column":46}}],"line":246},"39":{"loc":{"start":{"line":261,"column":35},"end":{"line":261,"column":74}},"type":"binary-expr","locations":[{"start":{"line":261,"column":35},"end":{"line":261,"column":68}},{"start":{"line":261,"column":72},"end":{"line":261,"column":74}}],"line":261},"40":{"loc":{"start":{"line":262,"column":14},"end":{"line":262,"column":24}},"type":"binary-expr","locations":[{"start":{"line":262,"column":14},"end":{"line":262,"column":18}},{"start":{"line":262,"column":22},"end":{"line":262,"column":24}}],"line":262},"41":{"loc":{"start":{"line":272,"column":44},"end":{"line":272,"column":60}},"type":"default-arg","locations":[{"start":{"line":272,"column":56},"end":{"line":272,"column":60}}],"line":272},"42":{"loc":{"start":{"line":273,"column":4},"end":{"line":273,"column":null}},"type":"if","locations":[{"start":{"line":273,"column":4},"end":{"line":273,"column":null}},{"start":{},"end":{}}],"line":273},"43":{"loc":{"start":{"line":284,"column":6},"end":{"line":286,"column":null}},"type":"if","locations":[{"start":{"line":284,"column":6},"end":{"line":286,"column":null}},{"start":{},"end":{}}],"line":284},"44":{"loc":{"start":{"line":289,"column":6},"end":{"line":289,"column":null}},"type":"if","locations":[{"start":{"line":289,"column":6},"end":{"line":289,"column":null}},{"start":{},"end":{}}],"line":289},"45":{"loc":{"start":{"line":306,"column":31},"end":{"line":306,"column":78}},"type":"binary-expr","locations":[{"start":{"line":306,"column":31},"end":{"line":306,"column":72}},{"start":{"line":306,"column":76},"end":{"line":306,"column":78}}],"line":306},"46":{"loc":{"start":{"line":310,"column":23},"end":{"line":310,"column":38}},"type":"binary-expr","locations":[{"start":{"line":310,"column":23},"end":{"line":310,"column":32}},{"start":{"line":310,"column":36},"end":{"line":310,"column":38}}],"line":310},"47":{"loc":{"start":{"line":316,"column":15},"end":{"line":316,"column":48}},"type":"binary-expr","locations":[{"start":{"line":316,"column":15},"end":{"line":316,"column":41}},{"start":{"line":316,"column":45},"end":{"line":316,"column":48}}],"line":316},"48":{"loc":{"start":{"line":317,"column":20},"end":{"line":317,"column":75}},"type":"binary-expr","locations":[{"start":{"line":317,"column":20},"end":{"line":317,"column":67}},{"start":{"line":317,"column":71},"end":{"line":317,"column":75}}],"line":317},"49":{"loc":{"start":{"line":328,"column":4},"end":{"line":328,"column":null}},"type":"if","locations":[{"start":{"line":328,"column":4},"end":{"line":328,"column":null}},{"start":{},"end":{}}],"line":328},"50":{"loc":{"start":{"line":334,"column":4},"end":{"line":334,"column":null}},"type":"if","locations":[{"start":{"line":334,"column":4},"end":{"line":334,"column":null}},{"start":{},"end":{}}],"line":334},"51":{"loc":{"start":{"line":335,"column":11},"end":{"line":335,"column":null}},"type":"binary-expr","locations":[{"start":{"line":335,"column":11},"end":{"line":335,"column":19}},{"start":{"line":335,"column":23},"end":{"line":335,"column":null}}],"line":335},"52":{"loc":{"start":{"line":339,"column":4},"end":{"line":339,"column":null}},"type":"if","locations":[{"start":{"line":339,"column":4},"end":{"line":339,"column":null}},{"start":{},"end":{}}],"line":339},"53":{"loc":{"start":{"line":353,"column":4},"end":{"line":353,"column":null}},"type":"if","locations":[{"start":{"line":353,"column":4},"end":{"line":353,"column":null}},{"start":{},"end":{}}],"line":353},"54":{"loc":{"start":{"line":359,"column":4},"end":{"line":359,"column":null}},"type":"if","locations":[{"start":{"line":359,"column":4},"end":{"line":359,"column":null}},{"start":{},"end":{}}],"line":359},"55":{"loc":{"start":{"line":360,"column":11},"end":{"line":360,"column":null}},"type":"binary-expr","locations":[{"start":{"line":360,"column":11},"end":{"line":360,"column":15}},{"start":{"line":360,"column":19},"end":{"line":360,"column":null}}],"line":360},"56":{"loc":{"start":{"line":370,"column":4},"end":{"line":370,"column":null}},"type":"if","locations":[{"start":{"line":370,"column":4},"end":{"line":370,"column":null}},{"start":{},"end":{}}],"line":370},"57":{"loc":{"start":{"line":379,"column":4},"end":{"line":379,"column":null}},"type":"if","locations":[{"start":{"line":379,"column":4},"end":{"line":379,"column":null}},{"start":{},"end":{}}],"line":379},"58":{"loc":{"start":{"line":383,"column":4},"end":{"line":390,"column":null}},"type":"if","locations":[{"start":{"line":383,"column":4},"end":{"line":390,"column":null}},{"start":{},"end":{}}],"line":383},"59":{"loc":{"start":{"line":396,"column":4},"end":{"line":396,"column":null}},"type":"if","locations":[{"start":{"line":396,"column":4},"end":{"line":396,"column":null}},{"start":{},"end":{}}],"line":396}},"s":{"0":2,"1":2,"2":86,"3":86,"4":86,"5":86,"6":86,"7":86,"8":86,"9":86,"10":86,"11":86,"12":2,"13":86,"14":0,"15":86,"16":5,"17":86,"18":0,"19":86,"20":2,"21":86,"22":0,"23":0,"24":4,"25":1,"26":0,"27":0,"28":1,"29":1,"30":1,"31":0,"32":0,"33":0,"34":1,"35":0,"36":0,"37":1,"38":1,"39":1,"40":1,"41":0,"42":0,"43":0,"44":0,"45":6,"46":1,"47":5,"48":5,"49":3,"50":6,"51":1,"52":6,"53":6,"54":0,"55":0,"56":0,"57":1,"58":1,"59":1,"60":1,"61":1,"62":4,"63":4,"64":0,"65":4,"66":4,"67":2,"68":2,"69":2,"70":2,"71":0,"72":0,"73":0,"74":0,"75":0,"76":0,"77":0,"78":0,"79":3,"80":3,"81":3,"82":2,"83":0,"84":2,"85":2,"86":2,"87":2,"88":0,"89":0,"90":2,"91":2,"92":0,"93":0,"94":0,"95":0,"96":0,"97":3,"98":3,"99":2,"100":2,"101":2,"102":2,"103":2,"104":0,"105":2,"106":2,"107":2,"108":2,"109":2,"110":0,"111":0,"112":0,"113":3,"114":2,"115":2,"116":0,"117":1,"118":0,"119":1,"120":1,"121":1,"122":1,"123":0,"124":1,"125":0,"126":1,"127":1,"128":1,"129":1,"130":1,"131":1,"132":0,"133":1,"134":0,"135":0,"136":0,"137":0,"138":0,"139":0,"140":0,"141":0,"142":0,"143":0,"144":0,"145":0,"146":0,"147":0,"148":0,"149":0,"150":0,"151":0,"152":0,"153":0,"154":0,"155":0,"156":0,"157":0,"158":0,"159":0,"160":0,"161":0,"162":0,"163":0,"164":0,"165":0,"166":0,"167":0,"168":0,"169":0,"170":0,"171":0,"172":0,"173":0,"174":0,"175":0,"176":0,"177":86,"178":1,"179":0,"180":1,"181":1,"182":0,"183":1,"184":1,"185":0,"186":1,"187":1,"188":0,"189":0,"190":0,"191":0,"192":0,"193":0,"194":0,"195":0,"196":0,"197":0,"198":0,"199":0,"200":0,"201":0,"202":0,"203":0,"204":0,"205":0,"206":86},"f":{"0":86,"1":2,"2":0,"3":5,"4":0,"5":2,"6":0,"7":0,"8":4,"9":1,"10":0,"11":1,"12":6,"13":1,"14":0,"15":0,"16":4,"17":0,"18":3,"19":2,"20":2,"21":0,"22":2,"23":2,"24":0,"25":1,"26":1,"27":0,"28":1,"29":1,"30":0,"31":0,"32":0,"33":0,"34":0,"35":0,"36":0,"37":0,"38":0,"39":0,"40":1,"41":1,"42":0,"43":0,"44":0,"45":0},"b":{"0":[2,1],"1":[0,0],"2":[5,4],"3":[0,1],"4":[1,1],"5":[1,0],"6":[0,1],"7":[1,1],"8":[1,0],"9":[0,0],"10":[1,5],"11":[3,0],"12":[6,0],"13":[0,1],"14":[6,0],"15":[1,0],"16":[1,0],"17":[0,4],"18":[2,0],"19":[0,0],"20":[0,2],"21":[2,0],"22":[2,0],"23":[2,2,0],"24":[0,0],"25":[2,0],"26":[2,1],"27":[2,0],"28":[2,0],"29":[2,2],"30":[0,1],"31":[1],"32":[0,1],"33":[1,0],"34":[0,1],"35":[0,0],"36":[0,0],"37":[0,0],"38":[0,0],"39":[0,0],"40":[0,0],"41":[0],"42":[0,0],"43":[0,0],"44":[0,0],"45":[0,0],"46":[0,0],"47":[0,0],"48":[0,0],"49":[0,1],"50":[0,1],"51":[1,1],"52":[0,1],"53":[0,0],"54":[0,0],"55":[0,0],"56":[0,0],"57":[0,0],"58":[0,0],"59":[0,0]},"meta":{"lastBranch":60,"lastFunction":46,"lastStatement":207,"seen":{"s:6:20:6:Infinity":0,"s:8:27:434:Infinity":1,"f:8:48:8:49":0,"s:9:14:9:Infinity":2,"s:10:17:10:Infinity":3,"s:11:17:11:Infinity":4,"s:12:16:12:Infinity":5,"s:13:18:13:Infinity":6,"s:14:24:14:Infinity":7,"s:15:25:15:Infinity":8,"s:16:18:16:Infinity":9,"s:17:19:17:Infinity":10,"s:19:25:19:Infinity":11,"f:19:35:19:36":1,"s:19:41:19:72":12,"b:19:41:19:53:19:57:19:72":0,"s:20:19:20:Infinity":13,"f:20:29:20:30":2,"s:20:35:20:58":14,"b:20:35:20:52:20:56:20:58":1,"s:21:26:21:Infinity":15,"f:21:36:21:37":3,"s:21:42:21:74":16,"b:21:42:21:66:21:70:21:74":2,"s:23:20:23:Infinity":17,"f:23:30:23:31":4,"s:23:36:23:51":18,"s:24:17:24:Infinity":19,"f:24:27:24:28":5,"s:24:33:24:64":20,"s:25:23:28:Infinity":21,"f:25:33:25:34":6,"s:26:4:27:Infinity":22,"f:27:12:27:13":7,"s:27:17:27:32":23,"f:30:11:30:23":8,"s:31:4:31:Infinity":24,"f:34:17:34:31":9,"b:35:4:38:Infinity:undefined:undefined:undefined:undefined":3,"s:35:4:38:Infinity":25,"b:35:8:35:19:35:23:35:33":4,"s:36:6:36:Infinity":26,"s:37:6:37:Infinity":27,"s:39:4:49:Infinity":28,"s:40:23:44:Infinity":29,"s:45:6:45:Infinity":30,"b:45:24:45:28:45:32:45:34":5,"f:45:40:45:41":10,"s:45:45:45:58":31,"s:47:6:47:Infinity":32,"s:48:6:48:Infinity":33,"f:52:17:52:32":11,"b:53:4:56:Infinity:undefined:undefined:undefined:undefined":6,"s:53:4:56:Infinity":34,"b:53:8:53:19:53:23:53:46":7,"s:54:6:54:Infinity":35,"s:55:6:55:Infinity":36,"s:57:4:71:Infinity":37,"s:58:20:58:Infinity":38,"b:59:6:59:Infinity:undefined:undefined:undefined:undefined":8,"s:59:6:59:Infinity":39,"s:59:18:59:Infinity":40,"s:60:23:66:Infinity":41,"s:67:6:67:Infinity":42,"b:67:24:67:40:67:44:67:Infinity":9,"s:69:6:69:Infinity":43,"s:70:6:70:Infinity":44,"f:74:17:74:31":12,"b:75:4:75:Infinity:undefined:undefined:undefined:undefined":10,"s:75:4:75:Infinity":45,"s:75:21:75:Infinity":46,"s:76:4:100:Infinity":47,"s:77:23:81:Infinity":48,"s:82:6:82:Infinity":49,"b:82:30:82:34:82:38:82:Infinity":11,"s:83:6:83:Infinity":50,"b:83:24:83:28:83:32:83:34":12,"f:83:40:83:42":13,"s:83:46:83:56":51,"s:86:22:86:Infinity":52,"b:87:6:91:Infinity:89:13:91:Infinity":13,"s:87:6:91:Infinity":53,"b:87:10:87:17:87:21:87:71":14,"f:87:41:87:42":14,"s:87:46:87:70":54,"s:88:8:88:Infinity":55,"f:88:51:88:52":15,"s:88:56:88:80":56,"b:89:13:91:Infinity:undefined:undefined:undefined:undefined":15,"s:89:13:91:Infinity":57,"s:90:8:90:Infinity":58,"b:94:6:97:Infinity:undefined:undefined:undefined:undefined":16,"s:94:6:97:Infinity":59,"s:95:8:95:Infinity":60,"s:96:8:96:Infinity":61,"s:99:6:99:Infinity":62,"f:103:17:103:29":16,"b:104:4:104:Infinity:undefined:undefined:undefined:undefined":17,"s:104:4:104:Infinity":63,"s:104:21:104:Infinity":64,"s:105:4:119:Infinity":65,"s:106:23:110:Infinity":66,"s:111:6:111:Infinity":67,"b:114:6:116:Infinity:undefined:undefined:undefined:undefined":18,"s:114:6:116:Infinity":68,"s:115:8:115:Infinity":69,"s:118:6:118:Infinity":70,"f:122:17:122:35":17,"s:123:4:123:Infinity":71,"b:124:4:132:Infinity:128:11:132:Infinity":19,"s:124:4:132:Infinity":72,"s:125:6:125:Infinity":73,"s:126:6:126:Infinity":74,"s:127:6:127:Infinity":75,"s:129:6:129:Infinity":76,"s:130:6:130:Infinity":77,"s:131:6:131:Infinity":78,"f:135:17:135:27":18,"s:136:4:136:Infinity":79,"s:137:4:198:Infinity":80,"s:139:6:165:Infinity":81,"f:139:38:139:43":19,"b:145:8:145:Infinity:undefined:undefined:undefined:undefined":20,"s:145:8:145:Infinity":82,"s:145:41:145:Infinity":83,"s:147:8:147:Infinity":84,"s:148:8:148:Infinity":85,"b:148:21:148:37:148:41:148:Infinity":21,"b:150:8:154:Infinity:152:15:154:Infinity":22,"s:150:8:154:Infinity":86,"b:150:12:150:22:150:27:150:48:150:52:150:79":23,"s:151:10:151:Infinity":87,"b:152:15:154:Infinity:undefined:undefined:undefined:undefined":24,"s:152:15:154:Infinity":88,"s:153:10:153:Infinity":89,"b:156:8:164:Infinity:158:15:164:Infinity":25,"s:156:8:164:Infinity":90,"s:157:10:157:Infinity":91,"s:159:10:159:Infinity":92,"s:160:10:160:Infinity":93,"s:161:10:161:Infinity":94,"s:162:10:162:Infinity":95,"s:163:10:163:Infinity":96,"s:169:20:169:Infinity":97,"b:170:6:192:Infinity:undefined:undefined:undefined:undefined":26,"s:170:6:192:Infinity":98,"s:171:8:191:Infinity":99,"s:172:25:172:Infinity":100,"b:173:10:188:Infinity:undefined:undefined:undefined:undefined":27,"s:173:10:188:Infinity":101,"s:174:36:177:Infinity":102,"f:176:26:176:27":20,"s:176:41:176:104":103,"f:176:52:176:53":21,"s:176:58:176:97":104,"b:178:12:187:Infinity:185:19:187:Infinity":28,"s:178:12:187:Infinity":105,"b:178:16:178:22:178:26:178:39":29,"s:179:14:179:Infinity":106,"s:180:14:180:Infinity":107,"s:181:14:181:Infinity":108,"s:184:14:184:Infinity":109,"s:186:14:186:Infinity":110,"s:190:10:190:Infinity":111,"s:195:6:195:Infinity":112,"s:197:6:197:Infinity":113,"f:201:17:201:22":22,"s:202:19:205:Infinity":114,"f:204:18:204:19":23,"s:204:33:204:131":115,"f:204:44:204:45":24,"s:204:50:204:123":116,"b:206:4:206:Infinity:undefined:undefined:undefined:undefined":30,"s:206:4:206:Infinity":117,"s:206:22:206:Infinity":118,"s:207:4:207:Infinity":119,"s:208:4:208:Infinity":120,"f:211:17:211:23":25,"b:211:52:211:54":31,"s:212:19:215:Infinity":121,"f:214:18:214:19":26,"s:214:33:214:131":122,"f:214:44:214:45":27,"s:214:50:214:123":123,"b:216:4:216:Infinity:undefined:undefined:undefined:undefined":32,"s:216:4:216:Infinity":124,"s:216:22:216:Infinity":125,"b:217:4:219:Infinity:undefined:undefined:undefined:undefined":33,"s:217:4:219:Infinity":126,"s:218:6:218:Infinity":127,"s:220:4:220:Infinity":128,"f:223:17:223:23":28,"s:224:4:224:Infinity":129,"s:225:19:228:Infinity":130,"f:227:18:227:19":29,"s:227:33:227:131":131,"f:227:44:227:45":30,"s:227:50:227:123":132,"b:229:4:229:Infinity:undefined:undefined:undefined:undefined":34,"s:229:4:229:Infinity":133,"s:229:23:229:Infinity":134,"f:232:17:232:38":31,"b:233:4:233:Infinity:undefined:undefined:undefined:undefined":35,"s:233:4:233:Infinity":135,"s:233:33:233:Infinity":136,"s:234:4:242:Infinity":137,"s:235:23:238:Infinity":138,"s:239:6:239:Infinity":139,"b:239:30:239:34:239:38:239:Infinity":36,"s:241:6:241:Infinity":140,"f:245:17:245:38":32,"b:246:4:246:Infinity:undefined:undefined:undefined:undefined":37,"s:246:4:246:Infinity":141,"b:246:8:246:31:246:35:246:46":38,"s:246:48:246:Infinity":142,"s:247:4:269:Infinity":143,"s:248:29:252:Infinity":144,"s:255:30:259:Infinity":145,"s:261:27:261:Infinity":146,"b:261:35:261:68:261:72:261:74":39,"f:261:46:261:47":33,"s:261:51:261:67":147,"s:262:6:265:Infinity":148,"b:262:14:262:18:262:22:262:24":40,"f:262:30:262:33":34,"s:262:38:265:7":149,"s:267:6:267:Infinity":150,"s:268:6:268:Infinity":151,"f:272:17:272:43":35,"b:272:56:272:60":41,"b:273:4:273:Infinity:undefined:undefined:undefined:undefined":42,"s:273:4:273:Infinity":152,"s:273:21:273:Infinity":153,"s:274:4:322:Infinity":154,"s:276:18:282:Infinity":155,"b:284:6:286:Infinity:undefined:undefined:undefined:undefined":43,"s:284:6:286:Infinity":156,"s:285:8:285:Infinity":157,"s:288:36:288:Infinity":158,"b:289:6:289:Infinity:undefined:undefined:undefined:undefined":44,"s:289:6:289:Infinity":159,"s:289:32:289:Infinity":160,"s:291:25:291:Infinity":161,"f:291:53:291:54":36,"s:291:58:291:70":162,"s:292:22:292:Infinity":163,"f:292:50:292:51":37,"s:292:55:292:67":164,"s:295:20:295:Infinity":165,"s:296:34:301:Infinity":166,"s:304:31:305:Infinity":167,"s:306:23:306:Infinity":168,"b:306:31:306:72:306:76:306:78":45,"f:306:43:306:44":38,"s:306:48:306:71":169,"s:309:23:309:Infinity":170,"s:310:6:312:Infinity":171,"b:310:23:310:32:310:36:310:38":46,"s:311:8:311:Infinity":172,"s:314:6:318:Infinity":173,"f:314:29:314:30":39,"s:314:35:318:7":174,"b:316:15:316:41:316:45:316:48":47,"b:317:20:317:67:317:71:317:75":48,"s:320:6:320:Infinity":175,"s:321:6:321:Infinity":176,"s:326:22:326:Infinity":177,"f:327:17:327:25":40,"b:328:4:328:Infinity:undefined:undefined:undefined:undefined":49,"s:328:4:328:Infinity":178,"s:328:31:328:Infinity":179,"s:329:21:333:Infinity":180,"b:334:4:334:Infinity:undefined:undefined:undefined:undefined":50,"s:334:4:334:Infinity":181,"s:334:18:334:Infinity":182,"s:335:4:335:Infinity":183,"b:335:11:335:19:335:23:335:Infinity":51,"f:338:17:338:30":41,"b:339:4:339:Infinity:undefined:undefined:undefined:undefined":52,"s:339:4:339:Infinity":184,"s:339:21:339:Infinity":185,"s:340:4:347:Infinity":186,"s:341:6:344:Infinity":187,"s:346:6:346:Infinity":188,"f:352:17:352:34":42,"b:353:4:353:Infinity:undefined:undefined:undefined:undefined":53,"s:353:4:353:Infinity":189,"s:353:16:353:Infinity":190,"s:354:28:358:Infinity":191,"b:359:4:359:Infinity:undefined:undefined:undefined:undefined":54,"s:359:4:359:Infinity":192,"s:359:15:359:Infinity":193,"s:360:4:360:Infinity":194,"b:360:11:360:15:360:19:360:Infinity":55,"f:363:17:363:27":43,"s:364:22:369:Infinity":195,"b:370:4:370:Infinity:undefined:undefined:undefined:undefined":56,"s:370:4:370:Infinity":196,"s:370:15:370:Infinity":197,"f:373:17:373:29":44,"s:374:22:378:Infinity":198,"b:379:4:379:Infinity:undefined:undefined:undefined:undefined":57,"s:379:4:379:Infinity":199,"s:379:15:379:Infinity":200,"f:382:17:382:31":45,"b:383:4:390:Infinity:undefined:undefined:undefined:undefined":58,"s:383:4:390:Infinity":201,"s:384:6:389:Infinity":202,"s:391:22:395:Infinity":203,"b:396:4:396:Infinity:undefined:undefined:undefined:undefined":59,"s:396:4:396:Infinity":204,"s:396:15:396:Infinity":205,"s:399:2:433:Infinity":206},"fnNames":{}}}
,"/home/felipe/Documentos/ProyectosGAS/src/i18n/en.json": {"path":"/home/felipe/Documentos/ProyectosGAS/src/i18n/en.json","statementMap":{},"fnMap":{},"branchMap":{},"s":{},"f":{},"b":{},"meta":{"lastBranch":0,"lastFunction":0,"lastStatement":0,"seen":{},"fnNames":{}}}
,"/home/felipe/Documentos/ProyectosGAS/src/i18n/es.json": {"path":"/home/felipe/Documentos/ProyectosGAS/src/i18n/es.json","statementMap":{},"fnMap":{},"branchMap":{},"s":{},"f":{},"b":{},"meta":{"lastBranch":0,"lastFunction":0,"lastStatement":0,"seen":{},"fnNames":{}}}
,"/home/felipe/Documentos/ProyectosGAS/src/i18n/index.js": {"path":"/home/felipe/Documentos/ProyectosGAS/src/i18n/index.js","statementMap":{"0":{"start":{"line":7,"column":2},"end":{"line":15,"column":null}},"1":{"start":{"line":8,"column":24},"end":{"line":8,"column":null}},"2":{"start":{"line":9,"column":4},"end":{"line":9,"column":null}},"3":{"start":{"line":9,"column":21},"end":{"line":9,"column":null}},"4":{"start":{"line":11,"column":26},"end":{"line":11,"column":null}},"5":{"start":{"line":12,"column":4},"end":{"line":12,"column":null}},"6":{"start":{"line":14,"column":4},"end":{"line":14,"column":null}},"7":{"start":{"line":18,"column":12},"end":{"line":23,"column":null}}},"fnMap":{"0":{"name":"getInitialLocale","decl":{"start":{"line":6,"column":9},"end":{"line":6,"column":25}},"loc":{"start":{"line":6,"column":28},"end":{"line":16,"column":null}},"line":6}},"branchMap":{"0":{"loc":{"start":{"line":8,"column":24},"end":{"line":8,"column":null}},"type":"cond-expr","locations":[{"start":{"line":8,"column":62},"end":{"line":8,"column":92}},{"start":{"line":8,"column":95},"end":{"line":8,"column":null}}],"line":8},"1":{"loc":{"start":{"line":9,"column":4},"end":{"line":9,"column":null}},"type":"if","locations":[{"start":{"line":9,"column":4},"end":{"line":9,"column":null}},{"start":{},"end":{}}],"line":9},"2":{"loc":{"start":{"line":11,"column":26},"end":{"line":11,"column":null}},"type":"cond-expr","locations":[{"start":{"line":11,"column":61},"end":{"line":11,"column":93}},{"start":{"line":11,"column":96},"end":{"line":11,"column":null}}],"line":11},"3":{"loc":{"start":{"line":12,"column":12},"end":{"line":12,"column":48}},"type":"cond-expr","locations":[{"start":{"line":12,"column":37},"end":{"line":12,"column":41}},{"start":{"line":12,"column":44},"end":{"line":12,"column":48}}],"line":12}},"s":{"0":2,"1":2,"2":2,"3":0,"4":2,"5":2,"6":0,"7":2},"f":{"0":2},"b":{"0":[2,0],"1":[0,2],"2":[2,0],"3":[2,0]},"meta":{"lastBranch":4,"lastFunction":1,"lastStatement":8,"seen":{"f:6:9:6:25":0,"s:7:2:15:Infinity":0,"s:8:24:8:Infinity":1,"b:8:62:8:92:8:95:8:Infinity":0,"b:9:4:9:Infinity:undefined:undefined:undefined:undefined":1,"s:9:4:9:Infinity":2,"s:9:21:9:Infinity":3,"s:11:26:11:Infinity":4,"b:11:61:11:93:11:96:11:Infinity":2,"s:12:4:12:Infinity":5,"b:12:37:12:41:12:44:12:48":3,"s:14:4:14:Infinity":6,"s:18:12:23:Infinity":7},"fnNames":{}}}
,"/home/felipe/Documentos/ProyectosGAS/src/modules/panaderia/composables/crud-factory.js": {"path":"/home/felipe/Documentos/ProyectosGAS/src/modules/panaderia/composables/crud-factory.js","statementMap":{"0":{"start":{"line":35,"column":85},"end":{"line":35,"column":null}},"1":{"start":{"line":39,"column":22},"end":{"line":39,"column":null}},"2":{"start":{"line":41,"column":16},"end":{"line":45,"column":null}},"3":{"start":{"line":42,"column":23},"end":{"line":42,"column":42}},"4":{"start":{"line":44,"column":25},"end":{"line":44,"column":66}},"5":{"start":{"line":47,"column":20},"end":{"line":49,"column":null}},"6":{"start":{"line":48,"column":14},"end":{"line":48,"column":null}},"7":{"start":{"line":51,"column":4},"end":{"line":51,"column":null}},"8":{"start":{"line":56,"column":23},"end":{"line":56,"column":null}},"9":{"start":{"line":57,"column":22},"end":{"line":57,"column":null}},"10":{"start":{"line":59,"column":24},"end":{"line":59,"column":null}},"11":{"start":{"line":61,"column":4},"end":{"line":67,"column":null}},"12":{"start":{"line":63,"column":24},"end":{"line":63,"column":null}},"13":{"start":{"line":64,"column":8},"end":{"line":64,"column":null}},"14":{"start":{"line":66,"column":23},"end":{"line":66,"column":79}},"15":{"start":{"line":72,"column":23},"end":{"line":72,"column":null}},"16":{"start":{"line":73,"column":24},"end":{"line":73,"column":null}},"17":{"start":{"line":75,"column":4},"end":{"line":78,"column":null}},"18":{"start":{"line":76,"column":38},"end":{"line":76,"column":118}},"19":{"start":{"line":77,"column":23},"end":{"line":77,"column":79}},"20":{"start":{"line":83,"column":23},"end":{"line":83,"column":null}},"21":{"start":{"line":84,"column":24},"end":{"line":84,"column":null}},"22":{"start":{"line":86,"column":4},"end":{"line":89,"column":null}},"23":{"start":{"line":87,"column":26},"end":{"line":87,"column":98}},"24":{"start":{"line":88,"column":23},"end":{"line":88,"column":79}},"25":{"start":{"line":92,"column":2},"end":{"line":92,"column":null}},"26":{"start":{"line":110,"column":83},"end":{"line":110,"column":null}},"27":{"start":{"line":111,"column":14},"end":{"line":111,"column":null}},"28":{"start":{"line":112,"column":20},"end":{"line":112,"column":null}},"29":{"start":{"line":114,"column":14},"end":{"line":114,"column":null}},"30":{"start":{"line":114,"column":30},"end":{"line":114,"column":57}},"31":{"start":{"line":115,"column":12},"end":{"line":115,"column":null}},"32":{"start":{"line":115,"column":28},"end":{"line":115,"column":53}},"33":{"start":{"line":117,"column":16},"end":{"line":121,"column":null}},"34":{"start":{"line":118,"column":17},"end":{"line":118,"column":null}},"35":{"start":{"line":119,"column":4},"end":{"line":119,"column":null}},"36":{"start":{"line":119,"column":29},"end":{"line":119,"column":null}},"37":{"start":{"line":120,"column":4},"end":{"line":120,"column":null}},"38":{"start":{"line":123,"column":13},"end":{"line":127,"column":null}},"39":{"start":{"line":123,"column":29},"end":{"line":127,"column":3}},"40":{"start":{"line":129,"column":36},"end":{"line":134,"column":null}},"41":{"start":{"line":131,"column":19},"end":{"line":131,"column":37}},"42":{"start":{"line":136,"column":25},"end":{"line":141,"column":null}},"43":{"start":{"line":138,"column":19},"end":{"line":138,"column":83}},"44":{"start":{"line":143,"column":20},"end":{"line":143,"column":null}},"45":{"start":{"line":143,"column":36},"end":{"line":143,"column":83}},"46":{"start":{"line":145,"column":24},"end":{"line":145,"column":79}},"47":{"start":{"line":146,"column":24},"end":{"line":146,"column":47}},"48":{"start":{"line":147,"column":24},"end":{"line":147,"column":47}},"49":{"start":{"line":149,"column":2},"end":{"line":149,"column":null}}},"fnMap":{"0":{"name":"createCrudHooks","decl":{"start":{"line":34,"column":16},"end":{"line":34,"column":31}},"loc":{"start":{"line":34,"column":40},"end":{"line":93,"column":null}},"line":34},"1":{"name":"useList","decl":{"start":{"line":38,"column":11},"end":{"line":38,"column":18}},"loc":{"start":{"line":38,"column":21},"end":{"line":52,"column":null}},"line":38},"2":{"name":"(anonymous_2)","decl":{"start":{"line":42,"column":17},"end":{"line":42,"column":18}},"loc":{"start":{"line":42,"column":23},"end":{"line":42,"column":42}},"line":42},"3":{"name":"(anonymous_3)","decl":{"start":{"line":44,"column":19},"end":{"line":44,"column":20}},"loc":{"start":{"line":44,"column":25},"end":{"line":44,"column":66}},"line":44},"4":{"name":"(anonymous_4)","decl":{"start":{"line":48,"column":8},"end":{"line":48,"column":9}},"loc":{"start":{"line":48,"column":14},"end":{"line":48,"column":null}},"line":48},"5":{"name":"useCreate","decl":{"start":{"line":55,"column":11},"end":{"line":55,"column":20}},"loc":{"start":{"line":55,"column":23},"end":{"line":68,"column":null}},"line":55},"6":{"name":"(anonymous_6)","decl":{"start":{"line":62,"column":18},"end":{"line":62,"column":19}},"loc":{"start":{"line":62,"column":30},"end":{"line":65,"column":7}},"line":62},"7":{"name":"(anonymous_7)","decl":{"start":{"line":66,"column":17},"end":{"line":66,"column":18}},"loc":{"start":{"line":66,"column":23},"end":{"line":66,"column":79}},"line":66},"8":{"name":"useUpdate","decl":{"start":{"line":71,"column":11},"end":{"line":71,"column":20}},"loc":{"start":{"line":71,"column":23},"end":{"line":79,"column":null}},"line":71},"9":{"name":"(anonymous_9)","decl":{"start":{"line":76,"column":18},"end":{"line":76,"column":19}},"loc":{"start":{"line":76,"column":38},"end":{"line":76,"column":118}},"line":76},"10":{"name":"(anonymous_10)","decl":{"start":{"line":77,"column":17},"end":{"line":77,"column":18}},"loc":{"start":{"line":77,"column":23},"end":{"line":77,"column":79}},"line":77},"11":{"name":"useRemove","decl":{"start":{"line":82,"column":11},"end":{"line":82,"column":20}},"loc":{"start":{"line":82,"column":23},"end":{"line":90,"column":null}},"line":82},"12":{"name":"(anonymous_12)","decl":{"start":{"line":87,"column":18},"end":{"line":87,"column":19}},"loc":{"start":{"line":87,"column":26},"end":{"line":87,"column":98}},"line":87},"13":{"name":"(anonymous_13)","decl":{"start":{"line":88,"column":17},"end":{"line":88,"column":18}},"loc":{"start":{"line":88,"column":23},"end":{"line":88,"column":79}},"line":88},"14":{"name":"usePaginatedList","decl":{"start":{"line":109,"column":16},"end":{"line":109,"column":32}},"loc":{"start":{"line":109,"column":41},"end":{"line":150,"column":null}},"line":109},"15":{"name":"(anonymous_15)","decl":{"start":{"line":114,"column":24},"end":{"line":114,"column":25}},"loc":{"start":{"line":114,"column":30},"end":{"line":114,"column":57}},"line":114},"16":{"name":"(anonymous_16)","decl":{"start":{"line":115,"column":22},"end":{"line":115,"column":23}},"loc":{"start":{"line":115,"column":28},"end":{"line":115,"column":53}},"line":115},"17":{"name":"(anonymous_17)","decl":{"start":{"line":117,"column":26},"end":{"line":117,"column":27}},"loc":{"start":{"line":117,"column":32},"end":{"line":121,"column":3}},"line":117},"18":{"name":"(anonymous_18)","decl":{"start":{"line":123,"column":23},"end":{"line":123,"column":24}},"loc":{"start":{"line":123,"column":29},"end":{"line":127,"column":3}},"line":123},"19":{"name":"(anonymous_19)","decl":{"start":{"line":131,"column":13},"end":{"line":131,"column":14}},"loc":{"start":{"line":131,"column":19},"end":{"line":131,"column":37}},"line":131},"20":{"name":"(anonymous_20)","decl":{"start":{"line":138,"column":13},"end":{"line":138,"column":14}},"loc":{"start":{"line":138,"column":19},"end":{"line":138,"column":83}},"line":138},"21":{"name":"(anonymous_21)","decl":{"start":{"line":143,"column":30},"end":{"line":143,"column":31}},"loc":{"start":{"line":143,"column":36},"end":{"line":143,"column":83}},"line":143},"22":{"name":"setPage","decl":{"start":{"line":145,"column":11},"end":{"line":145,"column":18}},"loc":{"start":{"line":145,"column":22},"end":{"line":145,"column":null}},"line":145},"23":{"name":"nextPage","decl":{"start":{"line":146,"column":11},"end":{"line":146,"column":19}},"loc":{"start":{"line":146,"column":22},"end":{"line":146,"column":null}},"line":146},"24":{"name":"prevPage","decl":{"start":{"line":147,"column":11},"end":{"line":147,"column":19}},"loc":{"start":{"line":147,"column":22},"end":{"line":147,"column":null}},"line":147}},"branchMap":{"0":{"loc":{"start":{"line":35,"column":50},"end":{"line":35,"column":64}},"type":"default-arg","locations":[{"start":{"line":35,"column":59},"end":{"line":35,"column":64}}],"line":35},"1":{"loc":{"start":{"line":35,"column":66},"end":{"line":35,"column":80}},"type":"default-arg","locations":[{"start":{"line":35,"column":78},"end":{"line":35,"column":80}}],"line":35},"2":{"loc":{"start":{"line":39,"column":22},"end":{"line":39,"column":null}},"type":"cond-expr","locations":[{"start":{"line":39,"column":30},"end":{"line":39,"column":45}},{"start":{"line":39,"column":48},"end":{"line":39,"column":null}}],"line":39},"3":{"loc":{"start":{"line":41,"column":16},"end":{"line":45,"column":null}},"type":"cond-expr","locations":[{"start":{"line":42,"column":7},"end":{"line":42,"column":null}},{"start":{"line":43,"column":8},"end":{"line":45,"column":null}}],"line":41},"4":{"loc":{"start":{"line":43,"column":8},"end":{"line":45,"column":null}},"type":"cond-expr","locations":[{"start":{"line":44,"column":9},"end":{"line":44,"column":null}},{"start":{"line":45,"column":10},"end":{"line":45,"column":null}}],"line":43},"5":{"loc":{"start":{"line":47,"column":20},"end":{"line":49,"column":null}},"type":"cond-expr","locations":[{"start":{"line":48,"column":8},"end":{"line":48,"column":null}},{"start":{"line":49,"column":8},"end":{"line":49,"column":null}}],"line":47},"6":{"loc":{"start":{"line":57,"column":22},"end":{"line":57,"column":null}},"type":"cond-expr","locations":[{"start":{"line":57,"column":30},"end":{"line":57,"column":45}},{"start":{"line":57,"column":48},"end":{"line":57,"column":null}}],"line":57},"7":{"loc":{"start":{"line":59,"column":24},"end":{"line":59,"column":null}},"type":"cond-expr","locations":[{"start":{"line":59,"column":50},"end":{"line":59,"column":58}},{"start":{"line":59,"column":61},"end":{"line":59,"column":null}}],"line":59},"8":{"loc":{"start":{"line":63,"column":24},"end":{"line":63,"column":null}},"type":"cond-expr","locations":[{"start":{"line":63,"column":33},"end":{"line":63,"column":86}},{"start":{"line":63,"column":89},"end":{"line":63,"column":null}}],"line":63},"9":{"loc":{"start":{"line":64,"column":15},"end":{"line":64,"column":null}},"type":"cond-expr","locations":[{"start":{"line":64,"column":24},"end":{"line":64,"column":39}},{"start":{"line":64,"column":42},"end":{"line":64,"column":null}}],"line":64},"10":{"loc":{"start":{"line":73,"column":24},"end":{"line":73,"column":null}},"type":"cond-expr","locations":[{"start":{"line":73,"column":50},"end":{"line":73,"column":58}},{"start":{"line":73,"column":61},"end":{"line":73,"column":null}}],"line":73},"11":{"loc":{"start":{"line":76,"column":38},"end":{"line":76,"column":118}},"type":"cond-expr","locations":[{"start":{"line":76,"column":47},"end":{"line":76,"column":65}},{"start":{"line":76,"column":68},"end":{"line":76,"column":118}}],"line":76},"12":{"loc":{"start":{"line":84,"column":24},"end":{"line":84,"column":null}},"type":"cond-expr","locations":[{"start":{"line":84,"column":50},"end":{"line":84,"column":58}},{"start":{"line":84,"column":61},"end":{"line":84,"column":null}}],"line":84},"13":{"loc":{"start":{"line":87,"column":26},"end":{"line":87,"column":98}},"type":"cond-expr","locations":[{"start":{"line":87,"column":35},"end":{"line":87,"column":45}},{"start":{"line":87,"column":48},"end":{"line":87,"column":98}}],"line":87},"14":{"loc":{"start":{"line":110,"column":33},"end":{"line":110,"column":47}},"type":"default-arg","locations":[{"start":{"line":110,"column":42},"end":{"line":110,"column":47}}],"line":110},"15":{"loc":{"start":{"line":110,"column":49},"end":{"line":110,"column":62}},"type":"default-arg","locations":[{"start":{"line":110,"column":60},"end":{"line":110,"column":62}}],"line":110},"16":{"loc":{"start":{"line":110,"column":64},"end":{"line":110,"column":78}},"type":"default-arg","locations":[{"start":{"line":110,"column":76},"end":{"line":110,"column":78}}],"line":110},"17":{"loc":{"start":{"line":112,"column":20},"end":{"line":112,"column":null}},"type":"cond-expr","locations":[{"start":{"line":112,"column":28},"end":{"line":112,"column":43}},{"start":{"line":112,"column":46},"end":{"line":112,"column":null}}],"line":112},"18":{"loc":{"start":{"line":119,"column":4},"end":{"line":119,"column":null}},"type":"if","locations":[{"start":{"line":119,"column":4},"end":{"line":119,"column":null}},{"start":{},"end":{}}],"line":119},"19":{"loc":{"start":{"line":119,"column":8},"end":{"line":119,"column":27}},"type":"binary-expr","locations":[{"start":{"line":119,"column":8},"end":{"line":119,"column":14}},{"start":{"line":119,"column":18},"end":{"line":119,"column":27}}],"line":119},"20":{"loc":{"start":{"line":124,"column":8},"end":{"line":124,"column":55}},"type":"cond-expr","locations":[{"start":{"line":124,"column":34},"end":{"line":124,"column":42}},{"start":{"line":124,"column":45},"end":{"line":124,"column":55}}],"line":124},"21":{"loc":{"start":{"line":126,"column":8},"end":{"line":126,"column":51}},"type":"cond-expr","locations":[{"start":{"line":126,"column":17},"end":{"line":126,"column":46}},{"start":{"line":126,"column":49},"end":{"line":126,"column":51}}],"line":126},"22":{"loc":{"start":{"line":137,"column":19},"end":{"line":137,"column":66}},"type":"cond-expr","locations":[{"start":{"line":137,"column":45},"end":{"line":137,"column":53}},{"start":{"line":137,"column":56},"end":{"line":137,"column":66}}],"line":137},"23":{"loc":{"start":{"line":137,"column":82},"end":{"line":137,"column":125}},"type":"cond-expr","locations":[{"start":{"line":137,"column":91},"end":{"line":137,"column":120}},{"start":{"line":137,"column":123},"end":{"line":137,"column":125}}],"line":137},"24":{"loc":{"start":{"line":138,"column":25},"end":{"line":138,"column":82}},"type":"cond-expr","locations":[{"start":{"line":138,"column":34},"end":{"line":138,"column":77}},{"start":{"line":138,"column":80},"end":{"line":138,"column":82}}],"line":138},"25":{"loc":{"start":{"line":143,"column":59},"end":{"line":143,"column":69}},"type":"binary-expr","locations":[{"start":{"line":143,"column":59},"end":{"line":143,"column":64}},{"start":{"line":143,"column":68},"end":{"line":143,"column":69}}],"line":143}},"s":{"0":5,"1":5,"2":5,"3":0,"4":0,"5":5,"6":0,"7":5,"8":5,"9":5,"10":5,"11":5,"12":0,"13":0,"14":0,"15":5,"16":5,"17":5,"18":0,"19":0,"20":5,"21":5,"22":5,"23":0,"24":0,"25":5,"26":5,"27":5,"28":5,"29":5,"30":0,"31":5,"32":0,"33":5,"34":0,"35":0,"36":0,"37":0,"38":5,"39":0,"40":5,"41":0,"42":5,"43":0,"44":5,"45":0,"46":0,"47":0,"48":0,"49":5},"f":{"0":5,"1":5,"2":0,"3":0,"4":0,"5":5,"6":0,"7":0,"8":5,"9":0,"10":0,"11":5,"12":0,"13":0,"14":5,"15":0,"16":0,"17":0,"18":0,"19":0,"20":0,"21":0,"22":0,"23":0,"24":0},"b":{"0":[5],"1":[5],"2":[0,5],"3":[0,5],"4":[0,5],"5":[0,5],"6":[0,5],"7":[5,0],"8":[0,0],"9":[0,0],"10":[5,0],"11":[0,0],"12":[5,0],"13":[0,0],"14":[5],"15":[5],"16":[5],"17":[4,1],"18":[0,0],"19":[0,0],"20":[0,0],"21":[0,0],"22":[5,0],"23":[4,1],"24":[0,0],"25":[0,0]},"meta":{"lastBranch":26,"lastFunction":25,"lastStatement":50,"seen":{"f:34:16:34:31":0,"s:35:85:35:Infinity":0,"b:35:59:35:64":0,"b:35:78:35:80":1,"f:38:11:38:18":1,"s:39:22:39:Infinity":1,"b:39:30:39:45:39:48:39:Infinity":2,"s:41:16:45:Infinity":2,"b:42:7:42:Infinity:43:8:45:Infinity":3,"f:42:17:42:18":2,"s:42:23:42:42":3,"b:44:9:44:Infinity:45:10:45:Infinity":4,"f:44:19:44:20":3,"s:44:25:44:66":4,"s:47:20:49:Infinity":5,"b:48:8:48:Infinity:49:8:49:Infinity":5,"f:48:8:48:9":4,"s:48:14:48:Infinity":6,"s:51:4:51:Infinity":7,"f:55:11:55:20":5,"s:56:23:56:Infinity":8,"s:57:22:57:Infinity":9,"b:57:30:57:45:57:48:57:Infinity":6,"s:59:24:59:Infinity":10,"b:59:50:59:58:59:61:59:Infinity":7,"s:61:4:67:Infinity":11,"f:62:18:62:19":6,"s:63:24:63:Infinity":12,"b:63:33:63:86:63:89:63:Infinity":8,"s:64:8:64:Infinity":13,"b:64:24:64:39:64:42:64:Infinity":9,"f:66:17:66:18":7,"s:66:23:66:79":14,"f:71:11:71:20":8,"s:72:23:72:Infinity":15,"s:73:24:73:Infinity":16,"b:73:50:73:58:73:61:73:Infinity":10,"s:75:4:78:Infinity":17,"f:76:18:76:19":9,"s:76:38:76:118":18,"b:76:47:76:65:76:68:76:118":11,"f:77:17:77:18":10,"s:77:23:77:79":19,"f:82:11:82:20":11,"s:83:23:83:Infinity":20,"s:84:24:84:Infinity":21,"b:84:50:84:58:84:61:84:Infinity":12,"s:86:4:89:Infinity":22,"f:87:18:87:19":12,"s:87:26:87:98":23,"b:87:35:87:45:87:48:87:98":13,"f:88:17:88:18":13,"s:88:23:88:79":24,"s:92:2:92:Infinity":25,"f:109:16:109:32":14,"s:110:83:110:Infinity":26,"b:110:42:110:47":14,"b:110:60:110:62":15,"b:110:76:110:78":16,"s:111:14:111:Infinity":27,"s:112:20:112:Infinity":28,"b:112:28:112:43:112:46:112:Infinity":17,"s:114:14:114:Infinity":29,"f:114:24:114:25":15,"s:114:30:114:57":30,"s:115:12:115:Infinity":31,"f:115:22:115:23":16,"s:115:28:115:53":32,"s:117:16:121:Infinity":33,"f:117:26:117:27":17,"s:118:17:118:Infinity":34,"b:119:4:119:Infinity:undefined:undefined:undefined:undefined":18,"s:119:4:119:Infinity":35,"b:119:8:119:14:119:18:119:27":19,"s:119:29:119:Infinity":36,"s:120:4:120:Infinity":37,"s:123:13:127:Infinity":38,"f:123:23:123:24":18,"s:123:29:127:3":39,"b:124:34:124:42:124:45:124:55":20,"b:126:17:126:46:126:49:126:51":21,"s:129:36:134:Infinity":40,"f:131:13:131:14":19,"s:131:19:131:37":41,"s:136:25:141:Infinity":42,"b:137:45:137:53:137:56:137:66":22,"b:137:91:137:120:137:123:137:125":23,"f:138:13:138:14":20,"s:138:19:138:83":43,"b:138:34:138:77:138:80:138:82":24,"s:143:20:143:Infinity":44,"f:143:30:143:31":21,"s:143:36:143:83":45,"b:143:59:143:64:143:68:143:69":25,"f:145:11:145:18":22,"s:145:24:145:79":46,"f:146:11:146:19":23,"s:146:24:146:47":47,"f:147:11:147:19":24,"s:147:24:147:47":48,"s:149:2:149:Infinity":49},"fnNames":{}}}
[...]
{"start":{"line":673,"column":22},"end":{"line":673,"column":23}},"loc":{"start":{"line":673,"column":28},"end":{"line":673,"column":53}},"line":673},"167":{"name":"(anonymous_167)","decl":{"start":{"line":675,"column":28},"end":{"line":675,"column":29}},"loc":{"start":{"line":675,"column":34},"end":{"line":675,"column":70}},"line":675},"168":{"name":"(anonymous_168)","decl":{"start":{"line":679,"column":13},"end":{"line":679,"column":14}},"loc":{"start":{"line":679,"column":18},"end":{"line":679,"column":98}},"line":679},"169":{"name":"(anonymous_169)","decl":{"start":{"line":686,"column":13},"end":{"line":686,"column":14}},"loc":{"start":{"line":686,"column":18},"end":{"line":686,"column":62}},"line":686},"170":{"name":"(anonymous_170)","decl":{"start":{"line":690,"column":30},"end":{"line":690,"column":31}},"loc":{"start":{"line":690,"column":36},"end":{"line":690,"column":83}},"line":690},"171":{"name":"setPage_3","decl":{"start":{"line":692,"column":11},"end":{"line":692,"column":18}},"loc":{"start":{"line":692,"column":22},"end":{"line":692,"column":null}},"line":692},"172":{"name":"nextPage_3","decl":{"start":{"line":693,"column":11},"end":{"line":693,"column":19}},"loc":{"start":{"line":693,"column":22},"end":{"line":693,"column":null}},"line":693},"173":{"name":"prevPage_3","decl":{"start":{"line":694,"column":11},"end":{"line":694,"column":19}},"loc":{"start":{"line":694,"column":22},"end":{"line":694,"column":null}},"line":694}},"branchMap":{"0":{"loc":{"start":{"line":175,"column":37},"end":{"line":175,"column":49}},"type":"default-arg","locations":[{"start":{"line":175,"column":47},"end":{"line":175,"column":49}}],"line":175},"1":{"loc":{"start":{"line":395,"column":38},"end":{"line":395,"column":50}},"type":"default-arg","locations":[{"start":{"line":395,"column":48},"end":{"line":395,"column":50}}],"line":395},"2":{"loc":{"start":{"line":414,"column":59},"end":{"line":414,"column":81}},"type":"binary-expr","locations":[{"start":{"line":414,"column":59},"end":{"line":414,"column":76}},{"start":{"line":414,"column":80},"end":{"line":414,"column":81}}],"line":414},"3":{"loc":{"start":{"line":421,"column":25},"end":{"line":421,"column":47}},"type":"binary-expr","locations":[{"start":{"line":421,"column":25},"end":{"line":421,"column":41}},{"start":{"line":421,"column":45},"end":{"line":421,"column":47}}],"line":421},"4":{"loc":{"start":{"line":422,"column":26},"end":{"line":422,"column":48}},"type":"binary-expr","locations":[{"start":{"line":422,"column":26},"end":{"line":422,"column":43}},{"start":{"line":422,"column":47},"end":{"line":422,"column":48}}],"line":422},"5":{"loc":{"start":{"line":474,"column":13},"end":{"line":474,"column":31}},"type":"binary-expr","locations":[{"start":{"line":474,"column":13},"end":{"line":474,"column":19}},{"start":{"line":474,"column":23},"end":{"line":474,"column":31}}],"line":474},"6":{"loc":{"start":{"line":539,"column":4},"end":{"line":540,"column":null}},"type":"binary-expr","locations":[{"start":{"line":539,"column":4},"end":{"line":539,"column":30}},{"start":{"line":540,"column":4},"end":{"line":540,"column":null}}],"line":539},"7":{"loc":{"start":{"line":540,"column":29},"end":{"line":540,"column":86}},"type":"binary-expr","locations":[{"start":{"line":540,"column":29},"end":{"line":540,"column":42}},{"start":{"line":540,"column":46},"end":{"line":540,"column":57}},{"start":{"line":540,"column":61},"end":{"line":540,"column":86}}],"line":540},"8":{"loc":{"start":{"line":582,"column":41},"end":{"line":582,"column":53}},"type":"default-arg","locations":[{"start":{"line":582,"column":51},"end":{"line":582,"column":53}}],"line":582},"9":{"loc":{"start":{"line":648,"column":38},"end":{"line":648,"column":64}},"type":"binary-expr","locations":[{"start":{"line":648,"column":38},"end":{"line":648,"column":51}},{"start":{"line":648,"column":55},"end":{"line":648,"column":64}}],"line":648},"10":{"loc":{"start":{"line":655,"column":38},"end":{"line":655,"column":64}},"type":"binary-expr","locations":[{"start":{"line":655,"column":38},"end":{"line":655,"column":51}},{"start":{"line":655,"column":55},"end":{"line":655,"column":64}}],"line":655},"11":{"loc":{"start":{"line":659,"column":59},"end":{"line":659,"column":69}},"type":"binary-expr","locations":[{"start":{"line":659,"column":59},"end":{"line":659,"column":64}},{"start":{"line":659,"column":68},"end":{"line":659,"column":69}}],"line":659},"12":{"loc":{"start":{"line":679,"column":38},"end":{"line":679,"column":61}},"type":"binary-expr","locations":[{"start":{"line":679,"column":38},"end":{"line":679,"column":48}},{"start":{"line":679,"column":52},"end":{"line":679,"column":61}}],"line":679},"13":{"loc":{"start":{"line":686,"column":38},"end":{"line":686,"column":61}},"type":"binary-expr","locations":[{"start":{"line":686,"column":38},"end":{"line":686,"column":48}},{"start":{"line":686,"column":52},"end":{"line":686,"column":61}}],"line":686},"14":{"loc":{"start":{"line":690,"column":59},"end":{"line":690,"column":69}},"type":"binary-expr","locations":[{"start":{"line":690,"column":59},"end":{"line":690,"column":64}},{"start":{"line":690,"column":68},"end":{"line":690,"column":69}}],"line":690}},"s":{"0":1,"1":0,"2":0,"3":0,"4":0,"5":1,"6":4,"7":1,"8":2,"9":1,"10":0,"11":1,"12":0,"13":1,"14":0,"15":1,"16":0,"17":1,"18":0,"19":1,"20":1,"21":1,"22":1,"23":1,"24":1,"25":1,"26":1,"27":1,"28":1,"29":1,"30":1,"31":1,"32":1,"33":1,"34":1,"35":1,"36":1,"37":1,"38":1,"39":1,"40":1,"41":0,"42":1,"43":0,"44":3,"45":0,"46":1,"47":1,"48":1,"49":0,"50":0,"51":1,"52":1,"53":0,"54":0,"55":1,"56":0,"57":1,"58":1,"59":0,"60":0,"61":1,"62":1,"63":0,"64":1,"65":0,"66":1,"67":1,"68":1,"69":0,"70":0,"71":1,"72":1,"73":0,"74":0,"75":1,"76":1,"77":0,"78":0,"79":1,"80":1,"81":0,"82":1,"83":0,"84":1,"85":1,"86":1,"87":0,"88":0,"89":1,"90":1,"91":0,"92":0,"93":1,"94":1,"95":0,"96":0,"97":1,"98":1,"99":0,"100":1,"101":0,"102":1,"103":1,"104":1,"105":0,"106":0,"107":1,"108":1,"109":0,"110":0,"111":1,"112":1,"113":0,"114":0,"115":1,"116":1,"117":0,"118":1,"119":0,"120":1,"121":1,"122":1,"123":0,"124":0,"125":1,"126":1,"127":0,"128":0,"129":1,"130":0,"131":1,"132":1,"133":1,"134":0,"135":0,"136":1,"137":0,"138":1,"139":0,"140":0,"141":1,"142":0,"143":2,"144":2,"145":2,"146":2,"147":0,"148":2,"149":0,"150":2,"151":0,"152":2,"153":0,"154":2,"155":1,"156":2,"157":0,"158":0,"159":2,"160":0,"161":0,"162":3,"163":0,"164":1,"165":1,"166":1,"167":0,"168":0,"169":0,"170":1,"171":0,"172":1,"173":0,"174":1,"175":0,"176":0,"177":1,"178":0,"179":1,"180":1,"181":0,"182":1,"183":0,"184":1,"185":1,"186":1,"187":0,"188":0,"189":1,"190":1,"191":0,"192":0,"193":1,"194":1,"195":0,"196":0,"197":1,"198":0,"199":1,"200":1,"201":1,"202":0,"203":0,"204":1,"205":0,"206":0,"207":1,"208":0,"209":1,"210":1,"211":0,"212":0,"213":0,"214":1,"215":1,"216":1,"217":0,"218":0,"219":0,"220":1,"221":1,"222":0,"223":0,"224":1,"225":1,"226":0,"227":0,"228":1,"229":1,"230":0,"231":0,"232":1,"233":1,"234":0,"235":0,"236":1,"237":1,"238":0,"239":0,"240":1,"241":1,"242":1,"243":1,"244":1,"245":0,"246":1,"247":0,"248":1,"249":0,"250":1,"251":0,"252":1,"253":0,"254":1,"255":0,"256":0,"257":0,"258":0,"259":1,"260":1,"261":1,"262":1,"263":1,"264":1,"265":0,"266":1,"267":0,"268":1,"269":0,"270":1,"271":0,"272":1,"273":0,"274":1,"275":0,"276":0,"277":0,"278":0,"279":1},"f":{"0":0,"1":0,"2":0,"3":0,"4":1,"5":4,"6":1,"7":2,"8":0,"9":0,"10":0,"11":0,"12":0,"13":1,"14":0,"15":0,"16":3,"17":0,"18":1,"19":0,"20":0,"21":1,"22":0,"23":0,"24":1,"25":0,"26":1,"27":0,"28":0,"29":1,"30":0,"31":0,"32":1,"33":0,"34":0,"35":1,"36":0,"37":0,"38":1,"39":0,"40":0,"41":1,"42":0,"43":0,"44":1,"45":0,"46":0,"47":1,"48":0,"49":0,"50":1,"51":0,"52":0,"53":1,"54":0,"55":0,"56":1,"57":0,"58":0,"59":1,"60":0,"61":0,"62":1,"63":0,"64":0,"65":1,"66":0,"67":0,"68":1,"69":0,"70":0,"71":1,"72":0,"73":0,"74":1,"75":0,"76":1,"77":0,"78":0,"79":1,"80":0,"81":0,"82":0,"83":1,"84":0,"85":2,"86":0,"87":0,"88":0,"89":0,"90":1,"91":2,"92":0,"93":0,"94":0,"95":0,"96":3,"97":0,"98":1,"99":0,"100":0,"101":1,"102":0,"103":1,"104":0,"105":0,"106":0,"107":1,"108":0,"109":1,"110":0,"111":0,"112":1,"113":0,"114":0,"115":1,"116":0,"117":0,"118":1,"119":0,"120":0,"121":1,"122":0,"123":1,"124":0,"125":0,"126":1,"127":0,"128":0,"129":0,"130":1,"131":0,"132":0,"133":0,"134":1,"135":0,"136":0,"137":1,"138":0,"139":0,"140":1,"141":0,"142":0,"143":1,"144":0,"145":0,"146":1,"147":0,"148":0,"149":1,"150":0,"151":0,"152":1,"153":1,"154":0,"155":0,"156":0,"157":0,"158":0,"159":0,"160":0,"161":0,"162":0,"163":1,"164":1,"165":0,"166":0,"167":0,"168":0,"169":0,"170":0,"171":0,"172":0,"173":0},"b":{"0":[1],"1":[2],"2":[1,1],"3":[0,0],"4":[0,0],"5":[1,0],"6":[0,0],"7":[0,0,0],"8":[1],"9":[0,0],"10":[0,0],"11":[0,0],"12":[0,0],"13":[0,0],"14":[0,0]},"meta":{"lastBranch":15,"lastFunction":174,"lastStatement":280,"seen":{"s:82:25:101:Infinity":0,"f:88:16:88:17":0,"s:88:29:88:54":1,"f:89:15:89:16":1,"s:89:23:89:43":2,"f:92:10:92:11":2,"s:92:18:92:33":3,"f:94:12:94:13":3,"s:94:20:94:37":4,"f:96:19:96:20":4,"s:96:27:96:53":5,"f:97:17:97:18":5,"s:97:36:97:69":6,"f:98:20:98:21":6,"s:98:28:98:53":7,"f:100:17:100:18":7,"s:100:33:100:63":8,"s:107:25:113:Infinity":9,"f:111:10:111:11":8,"s:111:29:111:63":10,"s:115:30:121:Infinity":11,"f:119:10:119:11":9,"s:119:29:119:68":12,"s:123:27:129:Infinity":13,"f:127:10:127:11":10,"s:127:29:127:65":14,"s:131:23:137:Infinity":15,"f:135:10:135:11":11,"s:135:29:135:60":16,"s:139:29:145:Infinity":17,"f:143:10:143:11":12,"s:143:29:143:64":18,"s:148:40:148:Infinity":19,"s:149:48:149:Infinity":20,"s:150:48:150:Infinity":21,"s:151:48:151:Infinity":22,"s:153:45:153:Infinity":23,"s:154:53:154:Infinity":24,"s:155:53:155:Infinity":25,"s:156:53:156:Infinity":26,"s:158:42:158:Infinity":27,"s:159:50:159:Infinity":28,"s:160:50:160:Infinity":29,"s:161:50:161:Infinity":30,"s:163:38:163:Infinity":31,"s:164:45:164:Infinity":32,"s:165:45:165:Infinity":33,"s:166:45:166:Infinity":34,"s:168:44:168:Infinity":35,"s:169:49:169:Infinity":36,"s:170:49:170:Infinity":37,"s:171:49:171:Infinity":38,"f:175:16:175:36":13,"b:175:47:175:49":0,"s:176:19:176:Infinity":39,"s:177:18:177:Infinity":40,"f:177:28:177:29":14,"s:177:34:177:112":41,"s:178:2:181:Infinity":42,"f:180:13:180:14":15,"s:180:18:180:92":43,"f:184:16:184:35":16,"s:185:2:189:Infinity":44,"f:187:13:187:14":17,"s:187:18:187:39":45,"f:192:16:192:44":18,"s:193:21:193:Infinity":46,"s:194:19:194:Infinity":47,"s:195:2:198:Infinity":48,"f:196:16:196:17":19,"s:196:27:196:100":49,"f:197:15:197:16":20,"s:197:21:197:82":50,"f:201:16:201:44":21,"s:202:21:202:Infinity":51,"s:203:2:206:Infinity":52,"f:204:16:204:17":22,"s:204:35:204:65":53,"f:205:15:205:16":23,"s:205:21:205:82":54,"f:209:16:209:48":24,"s:210:2:214:Infinity":55,"f:212:13:212:14":25,"s:212:18:212:63":56,"f:217:16:217:44":26,"s:218:21:218:Infinity":57,"s:219:2:222:Infinity":58,"f:220:16:220:17":27,"s:220:23:220:45":59,"f:221:15:221:16":28,"s:221:21:221:82":60,"f:227:16:227:35":29,"s:228:19:228:Infinity":61,"s:229:18:229:Infinity":62,"f:229:28:229:29":30,"s:229:34:229:88":63,"s:230:2:233:Infinity":64,"f:232:13:232:14":31,"s:232:18:232:63":65,"f:236:16:236:42":32,"s:237:21:237:Infinity":66,"s:238:19:238:Infinity":67,"s:239:2:242:Infinity":68,"f:240:16:240:17":33,"s:240:27:240:98":69,"f:241:15:241:16":34,"s:241:21:241:87":70,"f:245:16:245:42":35,"s:246:21:246:Infinity":71,"s:247:2:250:Infinity":72,"f:248:16:248:17":36,"s:248:35:248:63":73,"f:249:15:249:16":37,"s:249:21:249:87":74,"f:253:16:253:42":38,"s:254:21:254:Infinity":75,"s:255:2:258:Infinity":76,"f:256:16:256:17":39,"s:256:23:256:43":77,"f:257:15:257:16":40,"s:257:21:257:87":78,"f:263:16:263:31":41,"s:264:19:264:Infinity":79,"s:265:18:265:Infinity":80,"f:265:28:265:29":42,"s:265:34:265:84":81,"s:266:2:269:Infinity":82,"f:268:13:268:14":43,"s:268:18:268:59":83,"f:272:16:272:39":44,"s:273:21:273:Infinity":84,"s:274:19:274:Infinity":85,"s:275:2:278:Infinity":86,"f:276:16:276:17":45,"s:276:27:276:127":87,"f:277:15:277:16":46,"s:277:21:277:77":88,"f:281:16:281:39":47,"s:282:21:282:Infinity":89,"s:283:2:286:Infinity":90,"f:284:16:284:17":48,"s:284:35:284:60":91,"f:285:15:285:16":49,"s:285:21:285:77":92,"f:289:16:289:39":50,"s:290:21:290:Infinity":93,"s:291:2:294:Infinity":94,"f:292:16:292:17":51,"s:292:23:292:40":95,"f:293:15:293:16":52,"s:293:21:293:77":96,"f:299:16:299:33":53,"s:300:19:300:Infinity":97,"s:301:18:301:Infinity":98,"f:301:28:301:29":54,"s:301:34:301:86":99,"s:302:2:305:Infinity":100,"f:304:13:304:14":55,"s:304:18:304:61":101,"f:308:16:308:41":56,"s:309:21:309:Infinity":102,"s:310:19:310:Infinity":103,"s:311:2:314:Infinity":104,"f:312:16:312:17":57,"s:312:27:312:97":105,"f:313:15:313:16":58,"s:313:21:313:79":106,"f:317:16:317:41":59,"s:318:21:318:Infinity":107,"s:319:2:322:Infinity":108,"f:320:16:320:17":60,"s:320:35:320:62":109,"f:321:15:321:16":61,"s:321:21:321:79":110,"f:325:16:325:41":62,"s:326:21:326:Infinity":111,"s:327:2:330:Infinity":112,"f:328:16:328:17":63,"s:328:23:328:42":113,"f:329:15:329:16":64,"s:329:21:329:79":114,"f:335:16:335:41":65,"s:336:19:336:Infinity":115,"s:337:18:337:Infinity":116,"f:337:28:337:29":66,"s:337:34:337:94":117,"s:338:2:341:Infinity":118,"f:340:13:340:14":67,"s:340:18:340:69":119,"f:344:16:344:38":68,"s:345:21:345:Infinity":120,"s:346:19:346:Infinity":121,"s:347:2:350:Infinity":122,"f:348:16:348:17":69,"s:348:27:348:148":123,"f:349:15:349:16":70,"s:349:21:349:88":124,"f:353:16:353:44":71,"s:354:21:354:Infinity":125,"s:355:2:358:Infinity":126,"f:356:16:356:17":72,"s:356:35:356:65":127,"f:357:15:357:16":73,"s:357:21:357:88":128,"f:361:16:361:39":74,"s:362:2:366:Infinity":129,"f:364:13:364:14":75,"s:364:18:364:43":130,"f:369:16:369:38":76,"s:370:21:370:Infinity":131,"s:371:19:371:Infinity":132,"s:372:2:375:Infinity":133,"f:373:16:373:17":77,"s:373:35:373:116":134,"f:374:15:374:16":78,"s:374:21:374:88":135,"f:378:16:378:41":79,"s:379:12:379:Infinity":136,"f:379:22:379:23":80,"s:379:27:379:44":137,"s:380:2:384:Infinity":138,"f:382:13:382:14":81,"s:382:18:382:51":139,"f:383:13:383:14":82,"s:383:19:383:29":140,"f:387:16:387:37":83,"s:388:2:392:Infinity":141,"f:390:13:390:14":84,"s:390:18:390:41":142,"f:395:16:395:37":85,"b:395:48:395:50":1,"s:396:19:396:Infinity":143,"s:397:14:397:Infinity":144,"s:398:19:398:Infinity":145,"s:399:14:399:Infinity":146,"f:399:24:399:25":86,"s:399:30:399:57":147,"s:400:12:400:Infinity":148,"f:400:22:400:23":87,"s:400:28:400:53":149,"s:402:18:402:Infinity":150,"f:402:28:402:29":88,"s:402:34:402:79":151,"s:404:36:412:Infinity":152,"f:406:13:406:14":89,"s:406:18:410:6":153,"s:414:20:414:Infinity":154,"f:414:30:414:31":90,"s:414:36:414:95":155,"b:414:59:414:76:414:80:414:81":2,"f:416:11:416:18":91,"s:416:24:416:79":156,"f:417:11:417:19":92,"s:417:24:417:47":157,"f:418:11:418:19":93,"s:418:24:418:47":158,"s:420:2:428:Infinity":159,"f:421:19:421:20":94,"s:421:25:421:47":160,"b:421:25:421:41:421:45:421:47":3,"f:422:20:422:21":95,"s:422:26:422:48":161,"b:422:26:422:43:422:47:422:48":4,"f:433:16:433:37":96,"s:434:2:438:Infinity":162,"f:436:13:436:14":97,"s:436:18:436:52":163,"f:441:16:441:44":98,"s:442:21:442:Infinity":164,"s:443:19:443:Infinity":165,"s:444:2:450:Infinity":166,"f:445:16:445:17":99,"s:445:27:445:100":167,"f:446:15:446:16":100,"s:447:6:447:Infinity":168,"s:448:6:448:Infinity":169,"f:453:16:453:40":101,"s:454:2:458:Infinity":170,"f:456:13:456:14":102,"s:456:18:456:44":171,"f:461:16:461:44":103,"s:462:12:462:Infinity":172,"f:462:22:462:23":104,"s:462:27:462:44":173,"s:463:2:467:Infinity":174,"f:465:13:465:14":105,"s:465:18:465:54":175,"f:466:13:466:14":106,"s:466:19:466:29":176,"f:470:16:470:39":107,"s:471:2:475:Infinity":177,"f:473:13:473:14":108,"s:473:18:473:53":178,"b:474:13:474:19:474:23:474:31":5,"f:480:16:480:30":109,"s:481:19:481:Infinity":179,"s:482:18:482:Infinity":180,"f:482:28:482:29":110,"s:482:34:482:83":181,"s:483:2:486:Infinity":182,"f:485:13:485:14":111,"s:485:18:485:58":183,"f:489:16:489:38":112,"s:490:21:490:Infinity":184,"s:491:19:491:Infinity":185,"s:492:2:495:Infinity":186,"f:493:16:493:17":113,"s:493:27:493:130":187,"f:494:15:494:16":114,"s:494:21:494:82":188,"f:498:16:498:38":115,"s:499:21:499:Infinity":189,"s:500:2:503:Infinity":190,"f:501:16:501:17":116,"s:501:35:501:59":191,"f:502:15:502:16":117,"s:502:21:502:82":192,"f:506:16:506:38":118,"s:507:21:507:Infinity":193,"s:508:2:511:Infinity":194,"f:509:16:509:17":119,"s:509:23:509:39":195,"f:510:15:510:16":120,"s:510:21:510:82":196,"f:516:16:516:37":121,"s:517:2:521:Infinity":197,"f:519:13:519:14":122,"s:519:18:519:49":198,"f:524:16:524:44":123,"s:525:21:525:Infinity":199,"s:526:19:526:Infinity":200,"s:527:2:532:Infinity":201,"f:528:16:528:17":124,"s:528:27:528:100":202,"f:529:15:529:16":125,"s:530:6:530:Infinity":203,"f:537:16:537:43":126,"s:538:17:541:Infinity":204,"f:538:27:538:28":127,"s:539:4:540:Infinity":205,"b:539:4:539:30:540:4:540:Infinity":6,"f:540:24:540:25":128,"s:540:29:540:86":206,"b:540:29:540:42:540:46:540:57:540:61:540:86":7,"s:542:2:547:Infinity":207,"f:544:13:544:14":129,"s:544:18:544:59":208,"f:555:16:555:42":130,"s:556:21:556:Infinity":209,"s:557:2:565:Infinity":210,"f:558:16:558:17":131,"s:558:29:558:62":211,"f:559:15:559:16":132,"s:560:6:560:Infinity":212,"f:562:13:562:14":133,"s:563:6:563:Infinity":213,"f:568:16:568:46":134,"s:569:21:569:Infinity":214,"s:570:19:570:Infinity":215,"s:571:2:577:Infinity":216,"f:572:16:572:17":135,"s:572:42:572:136":217,"f:573:15:573:16":136,"s:574:6:574:Infinity":218,"s:575:6:575:Infinity":219,"f:582:16:582:40":137,"b:582:51:582:53":8,"s:583:19:583:Infinity":220,"s:584:2:590:Infinity":221,"f:586:10:586:11":138,"s:586:21:586:66":222,"f:587:11:587:12":139,"s:587:22:587:67":223,"f:593:16:593:35":140,"s:594:19:594:Infinity":224,"s:595:2:601:Infinity":225,"f:598:10:598:11":141,"s:598:21:598:61":226,"f:599:11:599:12":142,"s:599:22:599:43":227,"f:604:16:604:37":143,"s:605:19:605:Infinity":228,"s:606:2:612:Infinity":229,"f:609:10:609:11":144,"s:609:21:609:63":230,"f:610:11:610:12":145,"s:610:22:610:45":231,"f:615:16:615:39":146,"s:616:19:616:Infinity":232,"s:617:2:623:Infinity":233,"f:620:10:620:11":147,"s:620:21:620:65":234,"f:621:11:621:12":148,"s:621:22:621:47":235,"f:626:16:626:34":149,"s:627:19:627:Infinity":236,"s:628:2:634:Infinity":237,"f:631:10:631:11":150,"s:631:21:631:60":238,"f:632:11:632:12":151,"s:632:22:632:53":239,"f:637:16:637:41":152,"s:638:13:638:Infinity":240,"f:638:23:638:24":153,"s:638:29:638:85":241,"s:639:14:639:Infinity":242,"s:640:19:640:Infinity":243,"s:641:14:641:Infinity":244,"f:641:24:641:25":154,"s:641:30:641:57":245,"s:642:12:642:Infinity":246,"f:642:22:642:23":155,"s:642:28:642:53":247,"s:644:18:644:Infinity":248,"f:644:28:644:29":156,"s:644:34:644:70":249,"s:646:36:651:Infinity":250,"f:648:13:648:14":157,"s:648:18:648:101":251,"b:648:38:648:51:648:55:648:64":9,"s:653:25:657:Infinity":252,"f:655:13:655:14":158,"s:655:18:655:65":253,"b:655:38:655:51:655:55:655:64":10,"s:659:20:659:Infinity":254,"f:659:30:659:31":159,"s:659:36:659:83":255,"b:659:59:659:64:659:68:659:69":11,"f:661:11:661:18":160,"s:661:24:661:79":256,"f:662:11:662:19":161,"s:662:24:662:47":257,"f:663:11:663:19":162,"s:663:24:663:47":258,"s:665:2:665:Infinity":259,"f:668:16:668:41":163,"s:669:13:669:Infinity":260,"f:669:23:669:24":164,"s:669:29:669:82":261,"s:670:14:670:Infinity":262,"s:671:19:671:Infinity":263,"s:672:14:672:Infinity":264,"f:672:24:672:25":165,"s:672:30:672:57":265,"s:673:12:673:Infinity":266,"f:673:22:673:23":166,"s:673:28:673:53":267,"s:675:18:675:Infinity":268,"f:675:28:675:29":167,"s:675:34:675:70":269,"s:677:36:682:Infinity":270,"f:679:13:679:14":168,"s:679:18:679:98":271,"b:679:38:679:48:679:52:679:61":12,"s:684:25:688:Infinity":272,"f:686:13:686:14":169,"s:686:18:686:62":273,"b:686:38:686:48:686:52:686:61":13,"s:690:20:690:Infinity":274,"f:690:30:690:31":170,"s:690:36:690:83":275,"b:690:59:690:64:690:68:690:69":14,"f:692:11:692:18":171,"s:692:24:692:79":276,"f:693:11:693:19":172,"s:693:24:693:47":277,"f:694:11:694:19":173,"s:694:24:694:47":278,"s:696:2:696:Infinity":279},"fnNames":{}}}
}
